[] [08/11/2016 21.47] [] USER = ADMIN IS ACTIVE
[ADMIN] [08/11/2016 21.47] [] USER ID = 1 LOGIN SUCCESSFULLY
[ADMIN] [08/11/2016 21.47] [] ACTIVATE USER ACCESS RIGHT
[ADMIN] [08/11/2016 21.47] [] DISPLAY ADMIN FORM
[ADMIN] [08/11/2016 21.47] [] adminForm Load
[ADMIN] [08/11/2016 21.47] [] ACTIVATE USER ACCESS RIGHT
[ADMIN] [08/11/2016 21.47] [PENJUALAN] CASHIER FORM : MULTIPLE CASHIER INSTANCE [1]
[ADMIN] [08/11/2016 21.47] [PENJUALAN] CASHIER FORM : REGISTER HOTKEY
[ADMIN] [08/11/2016 21.47] [PENJUALAN] CASHIER FORM : cashierForm_Load, ATTEMPT TO LOAD NO FAKTUR
[ADMIN] [08/11/2016 21.47] [PENJUALAN] CASHIER FORM : loadNoFaktur, noFakturValue [SLO001]
[ADMIN] [08/11/2016 21.47] [PENJUALAN] CASHIER FORM : cashierForm_Load, ATTEMPT TO addColumnToDataGrid
[ADMIN] [08/11/2016 21.47] [PENJUALAN] CASHIER FORM : UPDATE ROW NUMBER, TOTAL ROW [1]
[ADMIN] [08/11/2016 21.47] [PENJUALAN] CASHIER FORM : cashierDataGridView_CellValueChanged [F8]
[ADMIN] [08/11/2016 21.47] [PENJUALAN] CASHIER FORM : calculateTotal
[ADMIN] [08/11/2016 21.47] [PENJUALAN] CASHIER FORM : calculateTotal [0]
[ADMIN] [08/11/2016 21.47] [PENJUALAN] CASHIER FORM : calculateTotal, totalAfterDisc [0]
[ADMIN] [08/11/2016 21.47] [PENJUALAN] CASHIER FORM : calculateChangeValue, bayarTextBox.Text [0]
[ADMIN] [08/11/2016 21.47] [PENJUALAN] CASHIER FORM : calculateChangeValue, sisaBayar [0]
[ADMIN] [08/11/2016 21.47] [PENJUALAN] CASHIER FORM : REGISTER HOTKEY
[ADMIN] [08/11/2016 21.48] [PENJUALAN] CASHIER FORM : Combobox_previewKeyDown, cashierDataGridView.CurrentCell.OwningColumn.Name  [productID]
[ADMIN] [08/11/2016 21.48] [PENJUALAN] CASHIER FORM : UPDATE ROW NUMBER, TOTAL ROW [2]
[ADMIN] [08/11/2016 21.48] [PENJUALAN] CASHIER FORM : cashierDataGridView_CellValueChanged [F8]
[ADMIN] [08/11/2016 21.48] [PENJUALAN] CASHIER FORM : cashierDataGridView_CellValueChanged [productID]
[ADMIN] [08/11/2016 21.48] [PENJUALAN] CASHIER FORM : Combobox_KeyUp, cashierDataGridView.CurrentCell.OwningColumn.Name  [productID]
[ADMIN] [08/11/2016 21.48] [PENJUALAN] CASHIER FORM : Combobox_previewKeyDown, cashierDataGridView.CurrentCell.OwningColumn.Name  [productID]
[ADMIN] [08/11/2016 21.48] [PENJUALAN] CASHIER FORM : cashierDataGridView_CellValueChanged [productID]
[ADMIN] [08/11/2016 21.48] [PENJUALAN] CASHIER FORM : Combobox_KeyUp, cashierDataGridView.CurrentCell.OwningColumn.Name  [productID]
[ADMIN] [08/11/2016 21.48] [PENJUALAN] CASHIER FORM : Combobox_previewKeyDown, cashierDataGridView.CurrentCell.OwningColumn.Name  [productID]
[ADMIN] [08/11/2016 21.48] [PENJUALAN] CASHIER FORM : cashierDataGridView_CellValueChanged [productID]
[ADMIN] [08/11/2016 21.48] [PENJUALAN] CASHIER FORM : Combobox_KeyUp, cashierDataGridView.CurrentCell.OwningColumn.Name  [productID]
[ADMIN] [08/11/2016 21.48] [PENJUALAN] CASHIER FORM : Combobox_previewKeyDown, cashierDataGridView.CurrentCell.OwningColumn.Name  [productID]
[ADMIN] [08/11/2016 21.48] [PENJUALAN] CASHIER FORM : cashierDataGridView_CellValueChanged [productID]
[ADMIN] [08/11/2016 21.48] [PENJUALAN] CASHIER FORM : Combobox_KeyUp, cashierDataGridView.CurrentCell.OwningColumn.Name  [productID]
[ADMIN] [08/11/2016 21.48] [PENJUALAN] CASHIER FORM : Combobox_previewKeyDown, cashierDataGridView.CurrentCell.OwningColumn.Name  [productID]
[ADMIN] [08/11/2016 21.48] [PENJUALAN] CASHIER FORM : Combobox_KeyUp, cashierDataGridView.CurrentCell.OwningColumn.Name  [productID]
[ADMIN] [08/11/2016 21.48] [PENJUALAN] CASHIER FORM : UNREGISTER HOTKEY
[ADMIN] [08/11/2016 21.48] [PENJUALAN] CASHIER FORM : UNREGISTER HOTKEY
[ADMIN] [08/11/2016 21.49] [PENJUALAN] CASHIER FORM : MULTIPLE CASHIER INSTANCE [1]
[ADMIN] [08/11/2016 21.49] [PENJUALAN] CASHIER FORM : REGISTER HOTKEY
[ADMIN] [08/11/2016 21.49] [PENJUALAN] CASHIER FORM : cashierForm_Load, ATTEMPT TO LOAD NO FAKTUR
[ADMIN] [08/11/2016 21.49] [PENJUALAN] CASHIER FORM : loadNoFaktur, noFakturValue [SLO001]
[ADMIN] [08/11/2016 21.49] [PENJUALAN] CASHIER FORM : cashierForm_Load, ATTEMPT TO addColumnToDataGrid
[ADMIN] [08/11/2016 21.49] [PENJUALAN] CASHIER FORM : UPDATE ROW NUMBER, TOTAL ROW [1]
[ADMIN] [08/11/2016 21.49] [PENJUALAN] CASHIER FORM : cashierDataGridView_CellValueChanged [F8]
[ADMIN] [08/11/2016 21.49] [PENJUALAN] CASHIER FORM : calculateTotal
[ADMIN] [08/11/2016 21.49] [PENJUALAN] CASHIER FORM : calculateTotal [0]
[ADMIN] [08/11/2016 21.49] [PENJUALAN] CASHIER FORM : calculateTotal, totalAfterDisc [0]
[ADMIN] [08/11/2016 21.49] [PENJUALAN] CASHIER FORM : calculateChangeValue, bayarTextBox.Text [0]
[ADMIN] [08/11/2016 21.49] [PENJUALAN] CASHIER FORM : calculateChangeValue, sisaBayar [0]
[ADMIN] [08/11/2016 21.49] [PENJUALAN] CASHIER FORM : REGISTER HOTKEY
[ADMIN] [08/11/2016 21.49] [PENJUALAN] CASHIER FORM : HOTKEY TO OPEN PRODUK SEARCH FORM PRESSED
[ADMIN] [08/11/2016 21.49] [PENJUALAN] CASHIER FORM : UNREGISTER HOTKEY
[ADMIN] [08/11/2016 21.49] [PENJUALAN] CASHIER FORM : ADD NEW ROW FROM BARCODE [ALPO PUPPY 1 KG]
[ADMIN] [08/11/2016 21.49] [PENJUALAN] CASHIER FORM : ADD NEW ROW,  isActive [False]
[ADMIN] [08/11/2016 21.49] [PENJUALAN] CASHIER FORM : ADD NEW ROW,  ROW COUNT [0]
[ADMIN] [08/11/2016 21.49] [PENJUALAN] CASHIER FORM : ADD NEW ROW,  ALLOW TO ADD [True]
[ADMIN] [08/11/2016 21.49] [PENJUALAN] CASHIER FORM : UPDATE ROW NUMBER, TOTAL ROW [1]
[ADMIN] [08/11/2016 21.49] [PENJUALAN] CASHIER FORM : cashierDataGridView_CellValueChanged [F8]
[ADMIN] [08/11/2016 21.49] [PENJUALAN] CASHIER FORM : cashierDataGridView_CellValueChanged [hpp]
[ADMIN] [08/11/2016 21.49] [PENJUALAN] CASHIER FORM : cashierDataGridView_CellValueChanged [productPrice]
[ADMIN] [08/11/2016 21.49] [PENJUALAN] CASHIER FORM : cashierDataGridView_CellValueChanged, previousInput [0]
[ADMIN] [08/11/2016 21.49] [PENJUALAN] CASHIER FORM : cashierDataGridView_CellValueChanged [qty]
[ADMIN] [08/11/2016 21.49] [PENJUALAN] CASHIER FORM : cashierDataGridView_CellValueChanged, previousInput [0]
[ADMIN] [08/11/2016 21.49] [PENJUALAN] CASHIER FORM : cashierDataGridView_CellValueChanged [jumlah]
[ADMIN] [08/11/2016 21.49] [PENJUALAN] CASHIER FORM : NEW ROW ADDED [0]
[ADMIN] [08/11/2016 21.49] [PENJUALAN] CASHIER FORM : updateSomeRowContents
[ADMIN] [08/11/2016 21.49] [PENJUALAN] CASHIER FORM : cashierDataGridView_CellValueChanged [productID]
[ADMIN] [08/11/2016 21.49] [PENJUALAN] CASHIER FORM : cashierDataGridView_CellValueChanged [productName]
[ADMIN] [08/11/2016 21.49] [PENJUALAN] CASHIER FORM : updateSomeRowContents
[ADMIN] [08/11/2016 21.49] [PENJUALAN] CASHIER FORM : PRODUCT PRICE TYPE [PRODUCT_BASE_PRICE]
[ADMIN] [08/11/2016 21.49] [PENJUALAN] CASHIER FORM : PRODUCT PRICE [26625]
[ADMIN] [08/11/2016 21.49] [PENJUALAN] CASHIER FORM : ComboBox_SelectedIndexChanged, PRODUCT_BASE_PRICE [26625]
[ADMIN] [08/11/2016 21.49] [PENJUALAN] CASHIER FORM : cashierDataGridView_CellValueChanged [hpp]
[ADMIN] [08/11/2016 21.49] [PENJUALAN] CASHIER FORM : PRODUCT PRICE TYPE [PRODUCT_RETAIL_PRICE]
[ADMIN] [08/11/2016 21.49] [PENJUALAN] CASHIER FORM : PRODUCT PRICE [34000]
[ADMIN] [08/11/2016 21.49] [PENJUALAN] CASHIER FORM : ComboBox_SelectedIndexChanged, PRODUCT_SALES_PRICE [34000]
[ADMIN] [08/11/2016 21.49] [PENJUALAN] CASHIER FORM : cashierDataGridView_CellValueChanged [productPrice]
[ADMIN] [08/11/2016 21.49] [PENJUALAN] CASHIER FORM : cashierDataGridView_CellValueChanged, previousInput [0]
[ADMIN] [08/11/2016 21.49] [PENJUALAN] CASHIER FORM : cashierDataGridView_CellValueChanged, cellValue [34000]
[ADMIN] [08/11/2016 21.49] [PENJUALAN] CASHIER FORM : cashierDataGridView_CellValueChanged, dataGridViewTextBoxEditingControl.Text pass REGEX Checking
[ADMIN] [08/11/2016 21.49] [PENJUALAN] CASHIER FORM : CALCULATE SUBTOTAL
[ADMIN] [08/11/2016 21.49] [PENJUALAN] CASHIER FORM : SUBTOTAL [0]
[ADMIN] [08/11/2016 21.49] [PENJUALAN] CASHIER FORM : cashierDataGridView_CellValueChanged, subtotal value [0]
[ADMIN] [08/11/2016 21.49] [PENJUALAN] CASHIER FORM : cashierDataGridView_CellValueChanged, attempt to calculate total value
[ADMIN] [08/11/2016 21.49] [PENJUALAN] CASHIER FORM : calculateTotal
[ADMIN] [08/11/2016 21.49] [PENJUALAN] CASHIER FORM : calculateTotal [0]
[ADMIN] [08/11/2016 21.49] [PENJUALAN] CASHIER FORM : calculateTotal, totalAfterDisc [0]
[ADMIN] [08/11/2016 21.49] [PENJUALAN] CASHIER FORM : calculateChangeValue, bayarTextBox.Text [0]
[ADMIN] [08/11/2016 21.49] [PENJUALAN] CASHIER FORM : calculateChangeValue, sisaBayar [0]
[ADMIN] [08/11/2016 21.49] [PENJUALAN] CASHIER FORM : cashierDataGridView_CellValueChanged [qty]
[ADMIN] [08/11/2016 21.49] [PENJUALAN] CASHIER FORM : cashierDataGridView_CellValueChanged, previousInput [0]
[ADMIN] [08/11/2016 21.49] [PENJUALAN] CASHIER FORM : cashierDataGridView_CellValueChanged [jumlah]
[ADMIN] [08/11/2016 21.49] [PENJUALAN] CASHIER FORM : calculateTotal
[ADMIN] [08/11/2016 21.49] [PENJUALAN] CASHIER FORM : calculateTotal [0]
[ADMIN] [08/11/2016 21.49] [PENJUALAN] CASHIER FORM : calculateTotal, totalAfterDisc [0]
[ADMIN] [08/11/2016 21.49] [PENJUALAN] CASHIER FORM : calculateChangeValue, bayarTextBox.Text [0]
[ADMIN] [08/11/2016 21.49] [PENJUALAN] CASHIER FORM : calculateChangeValue, sisaBayar [0]
[ADMIN] [08/11/2016 21.49] [PENJUALAN] CASHIER FORM : CHECK STOCK QTY IS ENOUGH [ALPO-P1]
[ADMIN] [08/11/2016 21.49] [PENJUALAN] CASHIER FORM : CHECK STOCK QTY IS ENOUGH [70, 1]
[ADMIN] [08/11/2016 21.49] [PENJUALAN] CASHIER FORM : cashierDataGridView_CellValueChanged [qty]
[ADMIN] [08/11/2016 21.49] [PENJUALAN] CASHIER FORM : cashierDataGridView_CellValueChanged, previousInput [0]
[ADMIN] [08/11/2016 21.49] [PENJUALAN] CASHIER FORM : cashierDataGridView_CellValueChanged, cellValue [1]
[ADMIN] [08/11/2016 21.49] [PENJUALAN] CASHIER FORM : cashierDataGridView_CellValueChanged, dataGridViewTextBoxEditingControl.Text pass REGEX Checking
[ADMIN] [08/11/2016 21.49] [PENJUALAN] CASHIER FORM : CHECK STOCK QTY IS ENOUGH [ALPO-P1]
[ADMIN] [08/11/2016 21.49] [PENJUALAN] CASHIER FORM : CHECK STOCK QTY IS ENOUGH [70, 1]
[ADMIN] [08/11/2016 21.49] [PENJUALAN] CASHIER FORM : CALCULATE SUBTOTAL
[ADMIN] [08/11/2016 21.49] [PENJUALAN] CASHIER FORM : SUBTOTAL [34000]
[ADMIN] [08/11/2016 21.49] [PENJUALAN] CASHIER FORM : cashierDataGridView_CellValueChanged, subtotal value [34000]
[ADMIN] [08/11/2016 21.49] [PENJUALAN] CASHIER FORM : cashierDataGridView_CellValueChanged, attempt to calculate total value
[ADMIN] [08/11/2016 21.49] [PENJUALAN] CASHIER FORM : calculateTotal
[ADMIN] [08/11/2016 21.49] [PENJUALAN] CASHIER FORM : calculateTotal [34000]
[ADMIN] [08/11/2016 21.49] [PENJUALAN] CASHIER FORM : calculateTotal, totalAfterDisc [34000]
[ADMIN] [08/11/2016 21.49] [PENJUALAN] CASHIER FORM : calculateChangeValue, bayarTextBox.Text [0]
[ADMIN] [08/11/2016 21.49] [PENJUALAN] CASHIER FORM : calculateChangeValue, sisaBayar [0]
[ADMIN] [08/11/2016 21.49] [PENJUALAN] CASHIER FORM : SET QTY TO 1 BECAUSE OF NEW ROW
[ADMIN] [08/11/2016 21.49] [PENJUALAN] CASHIER FORM : CALCULATE SUBTOTAL
[ADMIN] [08/11/2016 21.49] [PENJUALAN] CASHIER FORM : SUBTOTAL [34000]
[ADMIN] [08/11/2016 21.49] [PENJUALAN] CASHIER FORM : calculateTotal
[ADMIN] [08/11/2016 21.49] [PENJUALAN] CASHIER FORM : calculateTotal [34000]
[ADMIN] [08/11/2016 21.49] [PENJUALAN] CASHIER FORM : calculateTotal, totalAfterDisc [34000]
[ADMIN] [08/11/2016 21.49] [PENJUALAN] CASHIER FORM : calculateChangeValue, bayarTextBox.Text [0]
[ADMIN] [08/11/2016 21.49] [PENJUALAN] CASHIER FORM : calculateChangeValue, sisaBayar [0]
[ADMIN] [08/11/2016 21.49] [PENJUALAN] CASHIER FORM : UPDATE ROW NUMBER, TOTAL ROW [2]
[ADMIN] [08/11/2016 21.49] [PENJUALAN] CASHIER FORM : cashierDataGridView_CellValueChanged [F8]
[ADMIN] [08/11/2016 21.49] [PENJUALAN] CASHIER FORM : REGISTER HOTKEY
[ADMIN] [08/11/2016 21.49] [PENJUALAN] CASHIER FORM : cashierDataGridView_CellValueChanged [qty]
[ADMIN] [08/11/2016 21.49] [PENJUALAN] CASHIER FORM : cashierDataGridView_CellValueChanged, previousInput [1]
[ADMIN] [08/11/2016 21.49] [PENJUALAN] CASHIER FORM : cashierDataGridView_CellValueChanged, dataGridViewTextBoxEditingControl.Text pass REGEX Checking
[ADMIN] [08/11/2016 21.49] [PENJUALAN] CASHIER FORM : CHECK STOCK QTY IS ENOUGH [ALPO-P1]
[ADMIN] [08/11/2016 21.49] [PENJUALAN] CASHIER FORM : CHECK STOCK QTY IS ENOUGH [70, 2]
[ADMIN] [08/11/2016 21.49] [PENJUALAN] CASHIER FORM : CALCULATE SUBTOTAL
[ADMIN] [08/11/2016 21.49] [PENJUALAN] CASHIER FORM : SUBTOTAL [68000]
[ADMIN] [08/11/2016 21.49] [PENJUALAN] CASHIER FORM : cashierDataGridView_CellValueChanged, subtotal value [68000]
[ADMIN] [08/11/2016 21.49] [PENJUALAN] CASHIER FORM : cashierDataGridView_CellValueChanged, attempt to calculate total value
[ADMIN] [08/11/2016 21.49] [PENJUALAN] CASHIER FORM : calculateTotal
[ADMIN] [08/11/2016 21.49] [PENJUALAN] CASHIER FORM : calculateTotal [68000]
[ADMIN] [08/11/2016 21.49] [PENJUALAN] CASHIER FORM : calculateTotal, totalAfterDisc [68000]
[ADMIN] [08/11/2016 21.49] [PENJUALAN] CASHIER FORM : calculateChangeValue, bayarTextBox.Text [0]
[ADMIN] [08/11/2016 21.49] [PENJUALAN] CASHIER FORM : calculateChangeValue, sisaBayar [0]
[ADMIN] [08/11/2016 21.49] [PENJUALAN] CASHIER FORM : Combobox_KeyUp, cashierDataGridView.CurrentCell.OwningColumn.Name  [qty]
[ADMIN] [08/11/2016 21.49] [PENJUALAN] CASHIER FORM : calculateChangeValue, bayarTextBox.Text [6]
[ADMIN] [08/11/2016 21.49] [PENJUALAN] CASHIER FORM : calculateChangeValue, sisaBayar [0]
[ADMIN] [08/11/2016 21.49] [PENJUALAN] CASHIER FORM : calculateChangeValue, bayarTextBox.Text [68]
[ADMIN] [08/11/2016 21.49] [PENJUALAN] CASHIER FORM : calculateChangeValue, sisaBayar [0]
[ADMIN] [08/11/2016 21.49] [PENJUALAN] CASHIER FORM : calculateChangeValue, bayarTextBox.Text [680]
[ADMIN] [08/11/2016 21.49] [PENJUALAN] CASHIER FORM : calculateChangeValue, sisaBayar [0]
[ADMIN] [08/11/2016 21.49] [PENJUALAN] CASHIER FORM : calculateChangeValue, bayarTextBox.Text [6800]
[ADMIN] [08/11/2016 21.49] [PENJUALAN] CASHIER FORM : calculateChangeValue, sisaBayar [0]
[ADMIN] [08/11/2016 21.49] [PENJUALAN] CASHIER FORM : calculateChangeValue, bayarTextBox.Text [68000]
[ADMIN] [08/11/2016 21.49] [PENJUALAN] CASHIER FORM : calculateChangeValue, sisaBayar [0]
[ADMIN] [08/11/2016 21.49] [PENJUALAN] CASHIER FORM : discJualMaskedTextBox_Validating, totalAfterDisc [67999]
[ADMIN] [08/11/2016 21.49] [PENJUALAN] CASHIER FORM : calculateChangeValue, bayarTextBox.Text [Rp68.000]
[ADMIN] [08/11/2016 21.49] [PENJUALAN] CASHIER FORM : calculateChangeValue, sisaBayar [1]
[ADMIN] [08/11/2016 21.49] [PENJUALAN] CASHIER FORM : discJualMaskedTextBox_Validating, totalAfterDisc [67990]
[ADMIN] [08/11/2016 21.49] [PENJUALAN] CASHIER FORM : calculateChangeValue, bayarTextBox.Text [Rp68.000]
[ADMIN] [08/11/2016 21.49] [PENJUALAN] CASHIER FORM : calculateChangeValue, sisaBayar [10]
[ADMIN] [08/11/2016 21.49] [PENJUALAN] CASHIER FORM : discJualMaskedTextBox_Validating, totalAfterDisc [67900]
[ADMIN] [08/11/2016 21.49] [PENJUALAN] CASHIER FORM : calculateChangeValue, bayarTextBox.Text [Rp68.000]
[ADMIN] [08/11/2016 21.49] [PENJUALAN] CASHIER FORM : calculateChangeValue, sisaBayar [100]
[ADMIN] [08/11/2016 21.49] [PENJUALAN] CASHIER FORM : discJualMaskedTextBox_Validating, totalAfterDisc [67000]
[ADMIN] [08/11/2016 21.49] [PENJUALAN] CASHIER FORM : calculateChangeValue, bayarTextBox.Text [Rp68.000]
[ADMIN] [08/11/2016 21.49] [PENJUALAN] CASHIER FORM : calculateChangeValue, sisaBayar [1000]
[ADMIN] [08/11/2016 21.49] [PENJUALAN] CASHIER FORM : calculateChangeValue, bayarTextBox.Text [68000]
[ADMIN] [08/11/2016 21.49] [PENJUALAN] CASHIER FORM : calculateChangeValue, sisaBayar [1000]
[ADMIN] [08/11/2016 21.49] [PENJUALAN] CASHIER FORM : calculateChangeValue, bayarTextBox.Text [7]
[ADMIN] [08/11/2016 21.49] [PENJUALAN] CASHIER FORM : calculateChangeValue, sisaBayar [0]
[ADMIN] [08/11/2016 21.49] [PENJUALAN] CASHIER FORM : calculateChangeValue, bayarTextBox.Text [70]
[ADMIN] [08/11/2016 21.49] [PENJUALAN] CASHIER FORM : calculateChangeValue, sisaBayar [0]
[ADMIN] [08/11/2016 21.49] [PENJUALAN] CASHIER FORM : calculateChangeValue, bayarTextBox.Text [700]
[ADMIN] [08/11/2016 21.49] [PENJUALAN] CASHIER FORM : calculateChangeValue, sisaBayar [0]
[ADMIN] [08/11/2016 21.49] [PENJUALAN] CASHIER FORM : calculateChangeValue, bayarTextBox.Text [7000]
[ADMIN] [08/11/2016 21.49] [PENJUALAN] CASHIER FORM : calculateChangeValue, sisaBayar [0]
[ADMIN] [08/11/2016 21.49] [PENJUALAN] CASHIER FORM : calculateChangeValue, bayarTextBox.Text [70000]
[ADMIN] [08/11/2016 21.49] [PENJUALAN] CASHIER FORM : calculateChangeValue, sisaBayar [3000]
[ADMIN] [08/11/2016 21.50] [PENJUALAN] CASHIER FORM : HOTKEY TO SAVE AND PRINT OUT INVOICE PRESSED
[ADMIN] [08/11/2016 21.50] [PENJUALAN] CASHIER FORM : UNREGISTER HOTKEY
[ADMIN] [08/11/2016 21.50] [PENJUALAN] CASHIER FORM : REGISTER HOTKEY
[ADMIN] [08/11/2016 21.50] [PENJUALAN] CASHIER FORM : HOTKEY TO SAVE AND PRINT OUT INVOICE PRESSED
[ADMIN] [08/11/2016 21.50] [PENJUALAN] CASHIER FORM : UNREGISTER HOTKEY
[ADMIN] [08/11/2016 21.50] [PENJUALAN] CASHIER FORM : REGISTER HOTKEY
[ADMIN] [08/11/2016 21.50] [PENJUALAN] CASHIER FORM : HOTKEY TO SAVE AND PRINT OUT INVOICE PRESSED
[ADMIN] [08/11/2016 21.50] [PENJUALAN] CASHIER FORM : UNREGISTER HOTKEY
[ADMIN] [08/11/2016 21.50] [PENJUALAN] CASHIER FORM : REGISTER HOTKEY
[ADMIN] [08/11/2016 21.50] [PENJUALAN] ATTEMPT TO SAVE AND PRINT OUT INVOICE
[ADMIN] [08/11/2016 21.50] [PENJUALAN] CASHIER FORM : UNREGISTER HOTKEY
[ADMIN] [08/11/2016 21.50] [PENJUALAN] CASHIER FORM : REGISTER HOTKEY
[ADMIN] [08/11/2016 21.50] [PENJUALAN] CASHIER FORM : UNREGISTER HOTKEY
[ADMIN] [08/11/2016 21.50] [PENJUALAN] CASHIER FORM : ATTEMPT TO SAVE SALES DATA [08-11-2016 21:50]
[ADMIN] [08/11/2016 21.50] [PENJUALAN] CASHIER FORM : SALES DISC FINAL [Rp1.000]
[ADMIN] [08/11/2016 21.50] [PENJUALAN] CASHIER FORM : CASH SALES
[ADMIN] [08/11/2016 21.50] [PENJUALAN] CHECK IF TAX LIMIT SET FOR PERCENTAGE PURCHASE [0]
[ADMIN] [08/11/2016 21.50] [PENJUALAN] CHECK IF TAX LIMIT SET FOR AVERAGE DAILY PURCHASE [0]
[ADMIN] [08/11/2016 21.50] [PENJUALAN] CASHIER FORM : NO FAKTUR [SLO001]
[ADMIN] [08/11/2016 21.50] [PENJUALAN] CASHIER FORM : MAX SALES INVOICE [12]
[ADMIN] [08/11/2016 21.50] [PENJUALAN] CASHIER FORM : SALES INVOICE [SLO001-13]
[ADMIN] [08/11/2016 21.50] [PENJUALAN] INSERT INTO SALES HEADER [SLO001-13]
[ADMIN] [08/11/2016 21.50] [PENJUALAN] INSERT INTO SALES DETAIL[ALPO-P1, 34000, 2]
[ADMIN] [08/11/2016 21.50] [PENJUALAN] REDUCE STOCK AT MASTER PRODUCT [ALPO-P1]
[ADMIN] [08/11/2016 21.50] [PENJUALAN] INSERT TO CREDIT TABLE [SLO001-13]
[ADMIN] [08/11/2016 21.50] [PENJUALAN] INSERT TO DAILY JOURNAL TABLE [68000]
[ADMIN] [08/11/2016 21.50] [PENJUALAN] CASHIER FORM : REGISTER HOTKEY
[ADMIN] [08/11/2016 21.50] [PENJUALAN] TRANSACTION SAVED
[ADMIN] [08/11/2016 21.50] [PENJUALAN] PRINT OUT INVOICE
[ADMIN] [08/11/2016 21.50] [PENJUALAN] CASHIER FORM : PrintReceipt
[ADMIN] [08/11/2016 21.50] [PENJUALAN] CASHIER FORM : PrintReceipt, POS size Paper
[ADMIN] [08/11/2016 21.50] [PENJUALAN] CASHIER FORM : loadInfoToko
[ADMIN] [08/11/2016 21.50] [PENJUALAN] CASHIER FORM : calculatePageLength, totalLengthPage [313]
[ADMIN] [08/11/2016 21.50] [PENJUALAN] CASHIER FORM : UNREGISTER HOTKEY
[ADMIN] [08/11/2016 21.50] [PENJUALAN] CASHIER FORM : printDocument1_PrintPage, print POS size receipt
[ADMIN] [08/11/2016 21.50] [PENJUALAN] CASHIER FORM : loadInfoToko
[ADMIN] [08/11/2016 21.50] [PENJUALAN] CASHIER FORM : loadNamaUser
[ADMIN] [08/11/2016 21.51] [PENJUALAN] CASHIER FORM : REGISTER HOTKEY
[ADMIN] [08/11/2016 21.51] [PENJUALAN] CASHIER FORM : UNREGISTER HOTKEY
[ADMIN] [08/11/2016 21.52] [PENJUALAN] CASHIER FORM : REGISTER HOTKEY
[ADMIN] [08/11/2016 21.52] [PENJUALAN] CASHIER FORM : UPDATE ROW NUMBER, TOTAL ROW [1]
[ADMIN] [08/11/2016 21.52] [PENJUALAN] CASHIER FORM : cashierDataGridView_CellValueChanged [F8]
[ADMIN] [08/11/2016 21.52] [PENJUALAN] CASHIER FORM : UNREGISTER HOTKEY
[ADMIN] [08/11/2016 21.52] [PENJUALAN] CASHIER FORM : UNREGISTER HOTKEY
[] [08/11/2016 22.01] [] USER = ADMIN IS ACTIVE
[ADMIN] [08/11/2016 22.01] [] USER ID = 1 LOGIN SUCCESSFULLY
[ADMIN] [08/11/2016 22.01] [] ACTIVATE USER ACCESS RIGHT
[ADMIN] [08/11/2016 22.01] [] DISPLAY ADMIN FORM
[ADMIN] [08/11/2016 22.01] [] adminForm Load
[ADMIN] [08/11/2016 22.01] [] ACTIVATE USER ACCESS RIGHT
[ADMIN] [08/11/2016 22.01] [PENJUALAN] CASHIER FORM : MULTIPLE CASHIER INSTANCE [1]
[ADMIN] [08/11/2016 22.01] [PENJUALAN] CASHIER FORM : REGISTER HOTKEY
[ADMIN] [08/11/2016 22.01] [PENJUALAN] CASHIER FORM : cashierForm_Load, ATTEMPT TO LOAD NO FAKTUR
[ADMIN] [08/11/2016 22.01] [PENJUALAN] CASHIER FORM : loadNoFaktur, noFakturValue [SLO001]
[ADMIN] [08/11/2016 22.01] [PENJUALAN] CASHIER FORM : cashierForm_Load, ATTEMPT TO addColumnToDataGrid
[ADMIN] [08/11/2016 22.01] [PENJUALAN] CASHIER FORM : UPDATE ROW NUMBER, TOTAL ROW [1]
[ADMIN] [08/11/2016 22.01] [PENJUALAN] CASHIER FORM : cashierDataGridView_CellValueChanged [F8]
[ADMIN] [08/11/2016 22.01] [PENJUALAN] CASHIER FORM : calculateTotal
[ADMIN] [08/11/2016 22.01] [PENJUALAN] CASHIER FORM : calculateTotal [0]
[ADMIN] [08/11/2016 22.01] [PENJUALAN] CASHIER FORM : calculateTotal, totalAfterDisc [0]
[ADMIN] [08/11/2016 22.01] [PENJUALAN] CASHIER FORM : calculateChangeValue, bayarTextBox.Text [0]
[ADMIN] [08/11/2016 22.01] [PENJUALAN] CASHIER FORM : calculateChangeValue, sisaBayar [0]
[ADMIN] [08/11/2016 22.01] [PENJUALAN] CASHIER FORM : REGISTER HOTKEY
[ADMIN] [08/11/2016 22.01] [PENJUALAN] CASHIER FORM : Combobox_previewKeyDown, cashierDataGridView.CurrentCell.OwningColumn.Name  [productID]
[ADMIN] [08/11/2016 22.01] [PENJUALAN] CASHIER FORM : UPDATE ROW NUMBER, TOTAL ROW [2]
[ADMIN] [08/11/2016 22.01] [PENJUALAN] CASHIER FORM : cashierDataGridView_CellValueChanged [F8]
[ADMIN] [08/11/2016 22.01] [PENJUALAN] CASHIER FORM : cashierDataGridView_CellValueChanged [productID]
[ADMIN] [08/11/2016 22.01] [PENJUALAN] CASHIER FORM : Combobox_KeyUp, cashierDataGridView.CurrentCell.OwningColumn.Name  [productID]
[ADMIN] [08/11/2016 22.01] [PENJUALAN] CASHIER FORM : Combobox_previewKeyDown, cashierDataGridView.CurrentCell.OwningColumn.Name  [productID]
[ADMIN] [08/11/2016 22.01] [PENJUALAN] CASHIER FORM : cashierDataGridView_CellValueChanged [productID]
[ADMIN] [08/11/2016 22.01] [PENJUALAN] CASHIER FORM : Combobox_KeyUp, cashierDataGridView.CurrentCell.OwningColumn.Name  [productID]
[ADMIN] [08/11/2016 22.01] [PENJUALAN] CASHIER FORM : Combobox_previewKeyDown, cashierDataGridView.CurrentCell.OwningColumn.Name  [productID]
[ADMIN] [08/11/2016 22.01] [PENJUALAN] CASHIER FORM : cashierDataGridView_CellValueChanged [productID]
[ADMIN] [08/11/2016 22.01] [PENJUALAN] CASHIER FORM : Combobox_KeyUp, cashierDataGridView.CurrentCell.OwningColumn.Name  [productID]
[ADMIN] [08/11/2016 22.01] [PENJUALAN] CASHIER FORM : Combobox_previewKeyDown, cashierDataGridView.CurrentCell.OwningColumn.Name  [productID]
[ADMIN] [08/11/2016 22.01] [PENJUALAN] CASHIER FORM : cashierDataGridView_CellValueChanged [productID]
[ADMIN] [08/11/2016 22.01] [PENJUALAN] CASHIER FORM : Combobox_KeyUp, cashierDataGridView.CurrentCell.OwningColumn.Name  [productID]
[ADMIN] [08/11/2016 22.01] [PENJUALAN] CASHIER FORM : HOTKEY TO OPEN PRODUK SEARCH FORM PRESSED
[ADMIN] [08/11/2016 22.01] [PENJUALAN] CASHIER FORM : UNREGISTER HOTKEY
[ADMIN] [08/11/2016 22.01] [PENJUALAN] CASHIER FORM : ADD NEW ROW FROM BARCODE [ALPO PUPPY 1 KG]
[ADMIN] [08/11/2016 22.01] [PENJUALAN] CASHIER FORM : updateSomeRowContents
[ADMIN] [08/11/2016 22.01] [PENJUALAN] CASHIER FORM : cashierDataGridView_CellValueChanged [productID]
[ADMIN] [08/11/2016 22.01] [PENJUALAN] CASHIER FORM : cashierDataGridView_CellValueChanged [productName]
[ADMIN] [08/11/2016 22.01] [PENJUALAN] CASHIER FORM : updateSomeRowContents
[ADMIN] [08/11/2016 22.01] [PENJUALAN] CASHIER FORM : PRODUCT PRICE TYPE [PRODUCT_BASE_PRICE]
[ADMIN] [08/11/2016 22.01] [PENJUALAN] CASHIER FORM : PRODUCT PRICE [26625]
[ADMIN] [08/11/2016 22.01] [PENJUALAN] CASHIER FORM : ComboBox_SelectedIndexChanged, PRODUCT_BASE_PRICE [26625]
[ADMIN] [08/11/2016 22.01] [PENJUALAN] CASHIER FORM : cashierDataGridView_CellValueChanged [hpp]
[ADMIN] [08/11/2016 22.01] [PENJUALAN] CASHIER FORM : PRODUCT PRICE TYPE [PRODUCT_RETAIL_PRICE]
[ADMIN] [08/11/2016 22.01] [PENJUALAN] CASHIER FORM : PRODUCT PRICE [34000]
[ADMIN] [08/11/2016 22.01] [PENJUALAN] CASHIER FORM : ComboBox_SelectedIndexChanged, PRODUCT_SALES_PRICE [34000]
[ADMIN] [08/11/2016 22.01] [PENJUALAN] CASHIER FORM : cashierDataGridView_CellValueChanged [productPrice]
[ADMIN] [08/11/2016 22.01] [PENJUALAN] CASHIER FORM : cashierDataGridView_CellValueChanged, previousInput [0]
[ADMIN] [08/11/2016 22.01] [PENJUALAN] CASHIER FORM : cashierDataGridView_CellValueChanged, cellValue [34000]
[ADMIN] [08/11/2016 22.01] [PENJUALAN] CASHIER FORM : cashierDataGridView_CellValueChanged, dataGridViewTextBoxEditingControl.Text pass REGEX Checking
[ADMIN] [08/11/2016 22.01] [PENJUALAN] CASHIER FORM : CALCULATE SUBTOTAL
[ADMIN] [08/11/2016 22.01] [PENJUALAN] CASHIER FORM : SUBTOTAL [0]
[ADMIN] [08/11/2016 22.01] [PENJUALAN] CASHIER FORM : cashierDataGridView_CellValueChanged, subtotal value [0]
[ADMIN] [08/11/2016 22.01] [PENJUALAN] CASHIER FORM : cashierDataGridView_CellValueChanged, attempt to calculate total value
[ADMIN] [08/11/2016 22.01] [PENJUALAN] CASHIER FORM : calculateTotal
[ADMIN] [08/11/2016 22.01] [PENJUALAN] CASHIER FORM : calculateTotal [0]
[ADMIN] [08/11/2016 22.01] [PENJUALAN] CASHIER FORM : calculateTotal, totalAfterDisc [0]
[ADMIN] [08/11/2016 22.01] [PENJUALAN] CASHIER FORM : calculateChangeValue, bayarTextBox.Text [0]
[ADMIN] [08/11/2016 22.01] [PENJUALAN] CASHIER FORM : calculateChangeValue, sisaBayar [0]
[ADMIN] [08/11/2016 22.01] [PENJUALAN] CASHIER FORM : cashierDataGridView_CellValueChanged [qty]
[ADMIN] [08/11/2016 22.01] [PENJUALAN] CASHIER FORM : cashierDataGridView_CellValueChanged, previousInput [0]
[ADMIN] [08/11/2016 22.01] [PENJUALAN] CASHIER FORM : cashierDataGridView_CellValueChanged [jumlah]
[ADMIN] [08/11/2016 22.01] [PENJUALAN] CASHIER FORM : calculateTotal
[ADMIN] [08/11/2016 22.01] [PENJUALAN] CASHIER FORM : calculateTotal [0]
[ADMIN] [08/11/2016 22.01] [PENJUALAN] CASHIER FORM : calculateTotal, totalAfterDisc [0]
[ADMIN] [08/11/2016 22.01] [PENJUALAN] CASHIER FORM : calculateChangeValue, bayarTextBox.Text [0]
[ADMIN] [08/11/2016 22.01] [PENJUALAN] CASHIER FORM : calculateChangeValue, sisaBayar [0]
[ADMIN] [08/11/2016 22.01] [PENJUALAN] CASHIER FORM : CHECK STOCK QTY IS ENOUGH [ALPO-P1]
[ADMIN] [08/11/2016 22.01] [PENJUALAN] CASHIER FORM : CHECK STOCK QTY IS ENOUGH [68, 1]
[ADMIN] [08/11/2016 22.01] [PENJUALAN] CASHIER FORM : cashierDataGridView_CellValueChanged [qty]
[ADMIN] [08/11/2016 22.01] [PENJUALAN] CASHIER FORM : cashierDataGridView_CellValueChanged, previousInput [0]
[ADMIN] [08/11/2016 22.01] [PENJUALAN] CASHIER FORM : cashierDataGridView_CellValueChanged, cellValue [1]
[ADMIN] [08/11/2016 22.01] [PENJUALAN] CASHIER FORM : cashierDataGridView_CellValueChanged, dataGridViewTextBoxEditingControl.Text pass REGEX Checking
[ADMIN] [08/11/2016 22.01] [PENJUALAN] CASHIER FORM : CHECK STOCK QTY IS ENOUGH [ALPO-P1]
[ADMIN] [08/11/2016 22.01] [PENJUALAN] CASHIER FORM : CHECK STOCK QTY IS ENOUGH [68, 1]
[ADMIN] [08/11/2016 22.01] [PENJUALAN] CASHIER FORM : CALCULATE SUBTOTAL
[ADMIN] [08/11/2016 22.01] [PENJUALAN] CASHIER FORM : SUBTOTAL [34000]
[ADMIN] [08/11/2016 22.01] [PENJUALAN] CASHIER FORM : cashierDataGridView_CellValueChanged, subtotal value [34000]
[ADMIN] [08/11/2016 22.01] [PENJUALAN] CASHIER FORM : cashierDataGridView_CellValueChanged, attempt to calculate total value
[ADMIN] [08/11/2016 22.02] [PENJUALAN] CASHIER FORM : calculateTotal
[ADMIN] [08/11/2016 22.02] [PENJUALAN] CASHIER FORM : calculateTotal [34000]
[ADMIN] [08/11/2016 22.02] [PENJUALAN] CASHIER FORM : calculateTotal, totalAfterDisc [34000]
[ADMIN] [08/11/2016 22.02] [PENJUALAN] CASHIER FORM : calculateChangeValue, bayarTextBox.Text [0]
[ADMIN] [08/11/2016 22.02] [PENJUALAN] CASHIER FORM : calculateChangeValue, sisaBayar [0]
[ADMIN] [08/11/2016 22.02] [PENJUALAN] CASHIER FORM : SET QTY TO 1 BECAUSE OF NEW ROW
[ADMIN] [08/11/2016 22.02] [PENJUALAN] CASHIER FORM : CALCULATE SUBTOTAL
[ADMIN] [08/11/2016 22.02] [PENJUALAN] CASHIER FORM : SUBTOTAL [34000]
[ADMIN] [08/11/2016 22.02] [PENJUALAN] CASHIER FORM : calculateTotal
[ADMIN] [08/11/2016 22.02] [PENJUALAN] CASHIER FORM : calculateTotal [34000]
[ADMIN] [08/11/2016 22.02] [PENJUALAN] CASHIER FORM : calculateTotal, totalAfterDisc [34000]
[ADMIN] [08/11/2016 22.02] [PENJUALAN] CASHIER FORM : calculateChangeValue, bayarTextBox.Text [0]
[ADMIN] [08/11/2016 22.02] [PENJUALAN] CASHIER FORM : calculateChangeValue, sisaBayar [0]
[ADMIN] [08/11/2016 22.02] [PENJUALAN] CASHIER FORM : UPDATE ROW NUMBER, TOTAL ROW [2]
[ADMIN] [08/11/2016 22.02] [PENJUALAN] CASHIER FORM : cashierDataGridView_CellValueChanged [F8]
[ADMIN] [08/11/2016 22.02] [PENJUALAN] CASHIER FORM : REGISTER HOTKEY
[ADMIN] [08/11/2016 22.02] [PENJUALAN] CASHIER FORM : cashierDataGridView_CellValueChanged [qty]
[ADMIN] [08/11/2016 22.02] [PENJUALAN] CASHIER FORM : cashierDataGridView_CellValueChanged, previousInput [1]
[ADMIN] [08/11/2016 22.02] [PENJUALAN] CASHIER FORM : cashierDataGridView_CellValueChanged, dataGridViewTextBoxEditingControl.Text pass REGEX Checking
[ADMIN] [08/11/2016 22.02] [PENJUALAN] CASHIER FORM : CHECK STOCK QTY IS ENOUGH [ALPO-P1]
[ADMIN] [08/11/2016 22.02] [PENJUALAN] CASHIER FORM : CHECK STOCK QTY IS ENOUGH [68, 2]
[ADMIN] [08/11/2016 22.02] [PENJUALAN] CASHIER FORM : CALCULATE SUBTOTAL
[ADMIN] [08/11/2016 22.02] [PENJUALAN] CASHIER FORM : SUBTOTAL [68000]
[ADMIN] [08/11/2016 22.02] [PENJUALAN] CASHIER FORM : cashierDataGridView_CellValueChanged, subtotal value [68000]
[ADMIN] [08/11/2016 22.02] [PENJUALAN] CASHIER FORM : cashierDataGridView_CellValueChanged, attempt to calculate total value
[ADMIN] [08/11/2016 22.02] [PENJUALAN] CASHIER FORM : calculateTotal
[ADMIN] [08/11/2016 22.02] [PENJUALAN] CASHIER FORM : calculateTotal [68000]
[ADMIN] [08/11/2016 22.02] [PENJUALAN] CASHIER FORM : calculateTotal, totalAfterDisc [68000]
[ADMIN] [08/11/2016 22.02] [PENJUALAN] CASHIER FORM : calculateChangeValue, bayarTextBox.Text [0]
[ADMIN] [08/11/2016 22.02] [PENJUALAN] CASHIER FORM : calculateChangeValue, sisaBayar [0]
[ADMIN] [08/11/2016 22.02] [PENJUALAN] CASHIER FORM : Combobox_KeyUp, cashierDataGridView.CurrentCell.OwningColumn.Name  [qty]
[ADMIN] [08/11/2016 22.02] [PENJUALAN] CASHIER FORM : calculateChangeValue, bayarTextBox.Text [7]
[ADMIN] [08/11/2016 22.02] [PENJUALAN] CASHIER FORM : calculateChangeValue, sisaBayar [0]
[ADMIN] [08/11/2016 22.02] [PENJUALAN] CASHIER FORM : calculateChangeValue, bayarTextBox.Text [70]
[ADMIN] [08/11/2016 22.02] [PENJUALAN] CASHIER FORM : calculateChangeValue, sisaBayar [0]
[ADMIN] [08/11/2016 22.02] [PENJUALAN] CASHIER FORM : calculateChangeValue, bayarTextBox.Text [700]
[ADMIN] [08/11/2016 22.02] [PENJUALAN] CASHIER FORM : calculateChangeValue, sisaBayar [0]
[ADMIN] [08/11/2016 22.02] [PENJUALAN] CASHIER FORM : calculateChangeValue, bayarTextBox.Text [7000]
[ADMIN] [08/11/2016 22.02] [PENJUALAN] CASHIER FORM : calculateChangeValue, sisaBayar [0]
[ADMIN] [08/11/2016 22.02] [PENJUALAN] CASHIER FORM : calculateChangeValue, bayarTextBox.Text [70000]
[ADMIN] [08/11/2016 22.02] [PENJUALAN] CASHIER FORM : calculateChangeValue, sisaBayar [2000]
[ADMIN] [08/11/2016 22.02] [PENJUALAN] CASHIER FORM : HOTKEY TO SAVE AND PRINT OUT INVOICE PRESSED
[ADMIN] [08/11/2016 22.02] [PENJUALAN] CASHIER FORM : UNREGISTER HOTKEY
[ADMIN] [08/11/2016 22.02] [PENJUALAN] CASHIER FORM : REGISTER HOTKEY
[ADMIN] [08/11/2016 22.02] [PENJUALAN] ATTEMPT TO SAVE AND PRINT OUT INVOICE
[ADMIN] [08/11/2016 22.02] [PENJUALAN] CASHIER FORM : UNREGISTER HOTKEY
[ADMIN] [08/11/2016 22.02] [PENJUALAN] CASHIER FORM : REGISTER HOTKEY
[ADMIN] [08/11/2016 22.02] [PENJUALAN] CASHIER FORM : UNREGISTER HOTKEY
[ADMIN] [08/11/2016 22.02] [PENJUALAN] CASHIER FORM : ATTEMPT TO SAVE SALES DATA [08-11-2016 22:02]
[ADMIN] [08/11/2016 22.02] [PENJUALAN] CASHIER FORM : SALES DISC FINAL [0]
[ADMIN] [08/11/2016 22.02] [PENJUALAN] CASHIER FORM : CASH SALES
[ADMIN] [08/11/2016 22.02] [PENJUALAN] CHECK IF TAX LIMIT SET FOR PERCENTAGE PURCHASE [0]
[ADMIN] [08/11/2016 22.02] [PENJUALAN] CHECK IF TAX LIMIT SET FOR AVERAGE DAILY PURCHASE [0]
[ADMIN] [08/11/2016 22.02] [PENJUALAN] CASHIER FORM : NO FAKTUR [SLO001]
[ADMIN] [08/11/2016 22.02] [PENJUALAN] CASHIER FORM : MAX SALES INVOICE [13]
[ADMIN] [08/11/2016 22.02] [PENJUALAN] CASHIER FORM : SALES INVOICE [SLO001-14]
[ADMIN] [08/11/2016 22.02] [PENJUALAN] INSERT INTO SALES HEADER [SLO001-14]
[ADMIN] [08/11/2016 22.02] [PENJUALAN] INSERT INTO SALES DETAIL[ALPO-P1, 34000, 2]
[ADMIN] [08/11/2016 22.02] [PENJUALAN] REDUCE STOCK AT MASTER PRODUCT [ALPO-P1]
[ADMIN] [08/11/2016 22.02] [PENJUALAN] INSERT TO CREDIT TABLE [SLO001-14]
[ADMIN] [08/11/2016 22.02] [PENJUALAN] INSERT TO DAILY JOURNAL TABLE [68000]
[ADMIN] [08/11/2016 22.02] [PENJUALAN] CASHIER FORM : REGISTER HOTKEY
[ADMIN] [08/11/2016 22.02] [PENJUALAN] TRANSACTION SAVED
[ADMIN] [08/11/2016 22.02] [PENJUALAN] PRINT OUT INVOICE
[ADMIN] [08/11/2016 22.02] [PENJUALAN] CASHIER FORM : PrintReceipt
[ADMIN] [08/11/2016 22.02] [PENJUALAN] CASHIER FORM : PrintReceipt, POS size Paper
[ADMIN] [08/11/2016 22.02] [PENJUALAN] CASHIER FORM : loadInfoToko
[ADMIN] [08/11/2016 22.02] [PENJUALAN] CASHIER FORM : calculatePageLength, totalLengthPage [313]
[ADMIN] [08/11/2016 22.02] [PENJUALAN] CASHIER FORM : UNREGISTER HOTKEY
[ADMIN] [08/11/2016 22.02] [PENJUALAN] CASHIER FORM : printDocument1_PrintPage, print POS size receipt
[ADMIN] [08/11/2016 22.02] [PENJUALAN] CASHIER FORM : loadInfoToko
[ADMIN] [08/11/2016 22.02] [PENJUALAN] CASHIER FORM : loadNamaUser
[ADMIN] [08/11/2016 22.02] [PENJUALAN] CASHIER FORM : REGISTER HOTKEY
[ADMIN] [08/11/2016 22.02] [PENJUALAN] CASHIER FORM : UNREGISTER HOTKEY
[ADMIN] [08/11/2016 22.02] [PENJUALAN] CASHIER FORM : REGISTER HOTKEY
[ADMIN] [08/11/2016 22.02] [PENJUALAN] CASHIER FORM : UPDATE ROW NUMBER, TOTAL ROW [1]
[ADMIN] [08/11/2016 22.02] [PENJUALAN] CASHIER FORM : cashierDataGridView_CellValueChanged [F8]
[ADMIN] [08/11/2016 22.02] [PENJUALAN] CASHIER FORM : UNREGISTER HOTKEY
[ADMIN] [08/11/2016 22.02] [PENJUALAN] CASHIER FORM : UNREGISTER HOTKEY
[] [08/11/2016 22.09] [] USER = ADMIN IS ACTIVE
[ADMIN] [08/11/2016 22.09] [] USER ID = 1 LOGIN SUCCESSFULLY
[ADMIN] [08/11/2016 22.09] [] ACTIVATE USER ACCESS RIGHT
[ADMIN] [08/11/2016 22.09] [] DISPLAY ADMIN FORM
[ADMIN] [08/11/2016 22.09] [] adminForm Load
[ADMIN] [08/11/2016 22.09] [] ACTIVATE USER ACCESS RIGHT
[ADMIN] [08/11/2016 22.09] [PENJUALAN] CASHIER FORM : MULTIPLE CASHIER INSTANCE [1]
[ADMIN] [08/11/2016 22.09] [PENJUALAN] CASHIER FORM : REGISTER HOTKEY
[ADMIN] [08/11/2016 22.09] [PENJUALAN] CASHIER FORM : cashierForm_Load, ATTEMPT TO LOAD NO FAKTUR
[ADMIN] [08/11/2016 22.09] [PENJUALAN] CASHIER FORM : loadNoFaktur, noFakturValue [SLO001]
[ADMIN] [08/11/2016 22.09] [PENJUALAN] CASHIER FORM : cashierForm_Load, ATTEMPT TO addColumnToDataGrid
[ADMIN] [08/11/2016 22.09] [PENJUALAN] CASHIER FORM : UPDATE ROW NUMBER, TOTAL ROW [1]
[ADMIN] [08/11/2016 22.09] [PENJUALAN] CASHIER FORM : cashierDataGridView_CellValueChanged [F8]
[ADMIN] [08/11/2016 22.09] [PENJUALAN] CASHIER FORM : calculateTotal
[ADMIN] [08/11/2016 22.09] [PENJUALAN] CASHIER FORM : calculateTotal [0]
[ADMIN] [08/11/2016 22.09] [PENJUALAN] CASHIER FORM : calculateTotal, totalAfterDisc [0]
[ADMIN] [08/11/2016 22.09] [PENJUALAN] CASHIER FORM : calculateChangeValue, bayarTextBox.Text [0]
[ADMIN] [08/11/2016 22.09] [PENJUALAN] CASHIER FORM : calculateChangeValue, sisaBayar [0]
[ADMIN] [08/11/2016 22.09] [PENJUALAN] CASHIER FORM : REGISTER HOTKEY
[ADMIN] [08/11/2016 22.09] [PENJUALAN] CASHIER FORM : HOTKEY TO OPEN PRODUK SEARCH FORM PRESSED
[ADMIN] [08/11/2016 22.10] [PENJUALAN] CASHIER FORM : UNREGISTER HOTKEY
[ADMIN] [08/11/2016 22.10] [PENJUALAN] CASHIER FORM : ADD NEW ROW FROM BARCODE [ALPO PUPPY 1 KG]
[ADMIN] [08/11/2016 22.10] [PENJUALAN] CASHIER FORM : ADD NEW ROW,  isActive [False]
[ADMIN] [08/11/2016 22.10] [PENJUALAN] CASHIER FORM : ADD NEW ROW,  ROW COUNT [0]
[ADMIN] [08/11/2016 22.10] [PENJUALAN] CASHIER FORM : ADD NEW ROW,  ALLOW TO ADD [True]
[ADMIN] [08/11/2016 22.10] [PENJUALAN] CASHIER FORM : UPDATE ROW NUMBER, TOTAL ROW [1]
[ADMIN] [08/11/2016 22.10] [PENJUALAN] CASHIER FORM : cashierDataGridView_CellValueChanged [F8]
[ADMIN] [08/11/2016 22.10] [PENJUALAN] CASHIER FORM : cashierDataGridView_CellValueChanged [hpp]
[ADMIN] [08/11/2016 22.10] [PENJUALAN] CASHIER FORM : cashierDataGridView_CellValueChanged [productPrice]
[ADMIN] [08/11/2016 22.10] [PENJUALAN] CASHIER FORM : cashierDataGridView_CellValueChanged, previousInput [0]
[ADMIN] [08/11/2016 22.10] [PENJUALAN] CASHIER FORM : cashierDataGridView_CellValueChanged [qty]
[ADMIN] [08/11/2016 22.10] [PENJUALAN] CASHIER FORM : cashierDataGridView_CellValueChanged, previousInput [0]
[ADMIN] [08/11/2016 22.10] [PENJUALAN] CASHIER FORM : cashierDataGridView_CellValueChanged [jumlah]
[ADMIN] [08/11/2016 22.10] [PENJUALAN] CASHIER FORM : NEW ROW ADDED [0]
[ADMIN] [08/11/2016 22.10] [PENJUALAN] CASHIER FORM : updateSomeRowContents
[ADMIN] [08/11/2016 22.10] [PENJUALAN] CASHIER FORM : cashierDataGridView_CellValueChanged [productID]
[ADMIN] [08/11/2016 22.10] [PENJUALAN] CASHIER FORM : cashierDataGridView_CellValueChanged [productName]
[ADMIN] [08/11/2016 22.10] [PENJUALAN] CASHIER FORM : updateSomeRowContents
[ADMIN] [08/11/2016 22.10] [PENJUALAN] CASHIER FORM : PRODUCT PRICE TYPE [PRODUCT_BASE_PRICE]
[ADMIN] [08/11/2016 22.10] [PENJUALAN] CASHIER FORM : PRODUCT PRICE [26625]
[ADMIN] [08/11/2016 22.10] [PENJUALAN] CASHIER FORM : ComboBox_SelectedIndexChanged, PRODUCT_BASE_PRICE [26625]
[ADMIN] [08/11/2016 22.10] [PENJUALAN] CASHIER FORM : cashierDataGridView_CellValueChanged [hpp]
[ADMIN] [08/11/2016 22.10] [PENJUALAN] CASHIER FORM : PRODUCT PRICE TYPE [PRODUCT_RETAIL_PRICE]
[ADMIN] [08/11/2016 22.10] [PENJUALAN] CASHIER FORM : PRODUCT PRICE [34000]
[ADMIN] [08/11/2016 22.10] [PENJUALAN] CASHIER FORM : ComboBox_SelectedIndexChanged, PRODUCT_SALES_PRICE [34000]
[ADMIN] [08/11/2016 22.10] [PENJUALAN] CASHIER FORM : cashierDataGridView_CellValueChanged [productPrice]
[ADMIN] [08/11/2016 22.10] [PENJUALAN] CASHIER FORM : cashierDataGridView_CellValueChanged, previousInput [0]
[ADMIN] [08/11/2016 22.10] [PENJUALAN] CASHIER FORM : cashierDataGridView_CellValueChanged, cellValue [34000]
[ADMIN] [08/11/2016 22.10] [PENJUALAN] CASHIER FORM : cashierDataGridView_CellValueChanged, dataGridViewTextBoxEditingControl.Text pass REGEX Checking
[ADMIN] [08/11/2016 22.10] [PENJUALAN] CASHIER FORM : CALCULATE SUBTOTAL
[ADMIN] [08/11/2016 22.10] [PENJUALAN] CASHIER FORM : SUBTOTAL [0]
[ADMIN] [08/11/2016 22.10] [PENJUALAN] CASHIER FORM : cashierDataGridView_CellValueChanged, subtotal value [0]
[ADMIN] [08/11/2016 22.10] [PENJUALAN] CASHIER FORM : cashierDataGridView_CellValueChanged, attempt to calculate total value
[ADMIN] [08/11/2016 22.10] [PENJUALAN] CASHIER FORM : calculateTotal
[ADMIN] [08/11/2016 22.10] [PENJUALAN] CASHIER FORM : calculateTotal [0]
[ADMIN] [08/11/2016 22.10] [PENJUALAN] CASHIER FORM : calculateTotal, totalAfterDisc [0]
[ADMIN] [08/11/2016 22.10] [PENJUALAN] CASHIER FORM : calculateChangeValue, bayarTextBox.Text [0]
[ADMIN] [08/11/2016 22.10] [PENJUALAN] CASHIER FORM : calculateChangeValue, sisaBayar [0]
[ADMIN] [08/11/2016 22.10] [PENJUALAN] CASHIER FORM : cashierDataGridView_CellValueChanged [qty]
[ADMIN] [08/11/2016 22.10] [PENJUALAN] CASHIER FORM : cashierDataGridView_CellValueChanged, previousInput [0]
[ADMIN] [08/11/2016 22.10] [PENJUALAN] CASHIER FORM : cashierDataGridView_CellValueChanged [jumlah]
[ADMIN] [08/11/2016 22.10] [PENJUALAN] CASHIER FORM : calculateTotal
[ADMIN] [08/11/2016 22.10] [PENJUALAN] CASHIER FORM : calculateTotal [0]
[ADMIN] [08/11/2016 22.10] [PENJUALAN] CASHIER FORM : calculateTotal, totalAfterDisc [0]
[ADMIN] [08/11/2016 22.10] [PENJUALAN] CASHIER FORM : calculateChangeValue, bayarTextBox.Text [0]
[ADMIN] [08/11/2016 22.10] [PENJUALAN] CASHIER FORM : calculateChangeValue, sisaBayar [0]
[ADMIN] [08/11/2016 22.10] [PENJUALAN] CASHIER FORM : CHECK STOCK QTY IS ENOUGH [ALPO-P1]
[ADMIN] [08/11/2016 22.10] [PENJUALAN] CASHIER FORM : CHECK STOCK QTY IS ENOUGH [66, 1]
[ADMIN] [08/11/2016 22.10] [PENJUALAN] CASHIER FORM : cashierDataGridView_CellValueChanged [qty]
[ADMIN] [08/11/2016 22.10] [PENJUALAN] CASHIER FORM : cashierDataGridView_CellValueChanged, previousInput [0]
[ADMIN] [08/11/2016 22.10] [PENJUALAN] CASHIER FORM : cashierDataGridView_CellValueChanged, cellValue [1]
[ADMIN] [08/11/2016 22.10] [PENJUALAN] CASHIER FORM : cashierDataGridView_CellValueChanged, dataGridViewTextBoxEditingControl.Text pass REGEX Checking
[ADMIN] [08/11/2016 22.10] [PENJUALAN] CASHIER FORM : CHECK STOCK QTY IS ENOUGH [ALPO-P1]
[ADMIN] [08/11/2016 22.10] [PENJUALAN] CASHIER FORM : CHECK STOCK QTY IS ENOUGH [66, 1]
[ADMIN] [08/11/2016 22.10] [PENJUALAN] CASHIER FORM : CALCULATE SUBTOTAL
[ADMIN] [08/11/2016 22.10] [PENJUALAN] CASHIER FORM : SUBTOTAL [34000]
[ADMIN] [08/11/2016 22.10] [PENJUALAN] CASHIER FORM : cashierDataGridView_CellValueChanged, subtotal value [34000]
[ADMIN] [08/11/2016 22.10] [PENJUALAN] CASHIER FORM : cashierDataGridView_CellValueChanged, attempt to calculate total value
[ADMIN] [08/11/2016 22.10] [PENJUALAN] CASHIER FORM : calculateTotal
[ADMIN] [08/11/2016 22.10] [PENJUALAN] CASHIER FORM : calculateTotal [34000]
[ADMIN] [08/11/2016 22.10] [PENJUALAN] CASHIER FORM : calculateTotal, totalAfterDisc [34000]
[ADMIN] [08/11/2016 22.10] [PENJUALAN] CASHIER FORM : calculateChangeValue, bayarTextBox.Text [0]
[ADMIN] [08/11/2016 22.10] [PENJUALAN] CASHIER FORM : calculateChangeValue, sisaBayar [0]
[ADMIN] [08/11/2016 22.10] [PENJUALAN] CASHIER FORM : SET QTY TO 1 BECAUSE OF NEW ROW
[ADMIN] [08/11/2016 22.10] [PENJUALAN] CASHIER FORM : CALCULATE SUBTOTAL
[ADMIN] [08/11/2016 22.10] [PENJUALAN] CASHIER FORM : SUBTOTAL [34000]
[ADMIN] [08/11/2016 22.10] [PENJUALAN] CASHIER FORM : calculateTotal
[ADMIN] [08/11/2016 22.10] [PENJUALAN] CASHIER FORM : calculateTotal [34000]
[ADMIN] [08/11/2016 22.10] [PENJUALAN] CASHIER FORM : calculateTotal, totalAfterDisc [34000]
[ADMIN] [08/11/2016 22.10] [PENJUALAN] CASHIER FORM : calculateChangeValue, bayarTextBox.Text [0]
[ADMIN] [08/11/2016 22.10] [PENJUALAN] CASHIER FORM : calculateChangeValue, sisaBayar [0]
[ADMIN] [08/11/2016 22.10] [PENJUALAN] CASHIER FORM : UPDATE ROW NUMBER, TOTAL ROW [2]
[ADMIN] [08/11/2016 22.10] [PENJUALAN] CASHIER FORM : cashierDataGridView_CellValueChanged [F8]
[ADMIN] [08/11/2016 22.10] [PENJUALAN] CASHIER FORM : REGISTER HOTKEY
[ADMIN] [08/11/2016 22.10] [PENJUALAN] CASHIER FORM : cashierDataGridView_CellValueChanged [qty]
[ADMIN] [08/11/2016 22.10] [PENJUALAN] CASHIER FORM : cashierDataGridView_CellValueChanged, previousInput [1]
[ADMIN] [08/11/2016 22.10] [PENJUALAN] CASHIER FORM : cashierDataGridView_CellValueChanged, dataGridViewTextBoxEditingControl.Text pass REGEX Checking
[ADMIN] [08/11/2016 22.10] [PENJUALAN] CASHIER FORM : CHECK STOCK QTY IS ENOUGH [ALPO-P1]
[ADMIN] [08/11/2016 22.10] [PENJUALAN] CASHIER FORM : CHECK STOCK QTY IS ENOUGH [66, 2]
[ADMIN] [08/11/2016 22.10] [PENJUALAN] CASHIER FORM : CALCULATE SUBTOTAL
[ADMIN] [08/11/2016 22.10] [PENJUALAN] CASHIER FORM : SUBTOTAL [68000]
[ADMIN] [08/11/2016 22.10] [PENJUALAN] CASHIER FORM : cashierDataGridView_CellValueChanged, subtotal value [68000]
[ADMIN] [08/11/2016 22.10] [PENJUALAN] CASHIER FORM : cashierDataGridView_CellValueChanged, attempt to calculate total value
[ADMIN] [08/11/2016 22.10] [PENJUALAN] CASHIER FORM : calculateTotal
[ADMIN] [08/11/2016 22.10] [PENJUALAN] CASHIER FORM : calculateTotal [68000]
[ADMIN] [08/11/2016 22.10] [PENJUALAN] CASHIER FORM : calculateTotal, totalAfterDisc [68000]
[ADMIN] [08/11/2016 22.10] [PENJUALAN] CASHIER FORM : calculateChangeValue, bayarTextBox.Text [0]
[ADMIN] [08/11/2016 22.10] [PENJUALAN] CASHIER FORM : calculateChangeValue, sisaBayar [0]
[ADMIN] [08/11/2016 22.10] [PENJUALAN] CASHIER FORM : Combobox_KeyUp, cashierDataGridView.CurrentCell.OwningColumn.Name  [qty]
[ADMIN] [08/11/2016 22.10] [PENJUALAN] CASHIER FORM : calculateChangeValue, bayarTextBox.Text [7]
[ADMIN] [08/11/2016 22.10] [PENJUALAN] CASHIER FORM : calculateChangeValue, sisaBayar [0]
[ADMIN] [08/11/2016 22.10] [PENJUALAN] CASHIER FORM : calculateChangeValue, bayarTextBox.Text [70]
[ADMIN] [08/11/2016 22.10] [PENJUALAN] CASHIER FORM : calculateChangeValue, sisaBayar [0]
[ADMIN] [08/11/2016 22.10] [PENJUALAN] CASHIER FORM : calculateChangeValue, bayarTextBox.Text [700]
[ADMIN] [08/11/2016 22.10] [PENJUALAN] CASHIER FORM : calculateChangeValue, sisaBayar [0]
[ADMIN] [08/11/2016 22.10] [PENJUALAN] CASHIER FORM : calculateChangeValue, bayarTextBox.Text [7000]
[ADMIN] [08/11/2016 22.10] [PENJUALAN] CASHIER FORM : calculateChangeValue, sisaBayar [0]
[ADMIN] [08/11/2016 22.10] [PENJUALAN] CASHIER FORM : calculateChangeValue, bayarTextBox.Text [70000]
[ADMIN] [08/11/2016 22.10] [PENJUALAN] CASHIER FORM : calculateChangeValue, sisaBayar [2000]
[ADMIN] [08/11/2016 22.10] [PENJUALAN] CASHIER FORM : HOTKEY TO SAVE AND PRINT OUT INVOICE PRESSED
[ADMIN] [08/11/2016 22.10] [PENJUALAN] CASHIER FORM : UNREGISTER HOTKEY
[ADMIN] [08/11/2016 22.10] [PENJUALAN] CASHIER FORM : REGISTER HOTKEY
[ADMIN] [08/11/2016 22.10] [PENJUALAN] ATTEMPT TO SAVE AND PRINT OUT INVOICE
[ADMIN] [08/11/2016 22.10] [PENJUALAN] CASHIER FORM : UNREGISTER HOTKEY
[ADMIN] [08/11/2016 22.10] [PENJUALAN] CASHIER FORM : REGISTER HOTKEY
[ADMIN] [08/11/2016 22.10] [PENJUALAN] CASHIER FORM : UNREGISTER HOTKEY
[ADMIN] [08/11/2016 22.10] [PENJUALAN] CASHIER FORM : ATTEMPT TO SAVE SALES DATA [08-11-2016 22:10]
[ADMIN] [08/11/2016 22.10] [PENJUALAN] CASHIER FORM : SALES DISC FINAL [0]
[ADMIN] [08/11/2016 22.10] [PENJUALAN] CASHIER FORM : CASH SALES
[ADMIN] [08/11/2016 22.10] [PENJUALAN] CHECK IF TAX LIMIT SET FOR PERCENTAGE PURCHASE [0]
[ADMIN] [08/11/2016 22.10] [PENJUALAN] CHECK IF TAX LIMIT SET FOR AVERAGE DAILY PURCHASE [0]
[ADMIN] [08/11/2016 22.10] [PENJUALAN] CASHIER FORM : NO FAKTUR [SLO001]
[ADMIN] [08/11/2016 22.10] [PENJUALAN] CASHIER FORM : MAX SALES INVOICE [14]
[ADMIN] [08/11/2016 22.10] [PENJUALAN] CASHIER FORM : SALES INVOICE [SLO001-15]
[ADMIN] [08/11/2016 22.10] [PENJUALAN] INSERT INTO SALES HEADER [SLO001-15]
[ADMIN] [08/11/2016 22.10] [PENJUALAN] INSERT INTO SALES DETAIL[ALPO-P1, 34000, 2]
[ADMIN] [08/11/2016 22.10] [PENJUALAN] REDUCE STOCK AT MASTER PRODUCT [ALPO-P1]
[ADMIN] [08/11/2016 22.10] [PENJUALAN] INSERT TO CREDIT TABLE [SLO001-15]
[ADMIN] [08/11/2016 22.10] [PENJUALAN] INSERT TO DAILY JOURNAL TABLE [68000]
[ADMIN] [08/11/2016 22.10] [PENJUALAN] CASHIER FORM : REGISTER HOTKEY
[ADMIN] [08/11/2016 22.10] [PENJUALAN] TRANSACTION SAVED
[ADMIN] [08/11/2016 22.10] [PENJUALAN] PRINT OUT INVOICE
[ADMIN] [08/11/2016 22.10] [PENJUALAN] CASHIER FORM : PrintReceipt
[ADMIN] [08/11/2016 22.10] [PENJUALAN] CASHIER FORM : PrintReceipt, POS size Paper
[ADMIN] [08/11/2016 22.10] [PENJUALAN] CASHIER FORM : loadInfoToko
[ADMIN] [08/11/2016 22.10] [PENJUALAN] CASHIER FORM : calculatePageLength, totalLengthPage [282]
[ADMIN] [08/11/2016 22.10] [PENJUALAN] CASHIER FORM : UNREGISTER HOTKEY
[ADMIN] [08/11/2016 22.10] [PENJUALAN] CASHIER FORM : printDocument1_PrintPage, print POS size receipt
[ADMIN] [08/11/2016 22.10] [PENJUALAN] CASHIER FORM : loadInfoToko
[ADMIN] [08/11/2016 22.10] [PENJUALAN] CASHIER FORM : loadNamaUser
[ADMIN] [08/11/2016 22.11] [PENJUALAN] CASHIER FORM : REGISTER HOTKEY
[ADMIN] [08/11/2016 22.11] [PENJUALAN] CASHIER FORM : UNREGISTER HOTKEY
[ADMIN] [08/11/2016 22.11] [PENJUALAN] CASHIER FORM : REGISTER HOTKEY
[ADMIN] [08/11/2016 22.11] [PENJUALAN] CASHIER FORM : UPDATE ROW NUMBER, TOTAL ROW [1]
[ADMIN] [08/11/2016 22.11] [PENJUALAN] CASHIER FORM : cashierDataGridView_CellValueChanged [F8]
[ADMIN] [08/11/2016 22.11] [PENJUALAN] CASHIER FORM : UNREGISTER HOTKEY
[ADMIN] [08/11/2016 22.11] [PENJUALAN] CASHIER FORM : UNREGISTER HOTKEY
[ADMIN] [08/11/2016 22.11] [] USER ID = 1LOGOUT
