[] [12/11/2016 13:37] [] USER = ADMIN IS ACTIVE
[ADMIN] [12/11/2016 13:37] [] USER ID = 1 LOGIN SUCCESSFULLY
[ADMIN] [12/11/2016 13:37] [] ACTIVATE USER ACCESS RIGHT
[ADMIN] [12/11/2016 13:37] [] DISPLAY ADMIN FORM
[ADMIN] [12/11/2016 13:37] [] adminForm Load
[ADMIN] [12/11/2016 13:37] [] ACTIVATE USER ACCESS RIGHT
[] [12/11/2016 13:40] [] USER = ADMIN IS ACTIVE
[ADMIN] [12/11/2016 13:40] [] USER ID = 1 LOGIN SUCCESSFULLY
[ADMIN] [12/11/2016 13:40] [] ACTIVATE USER ACCESS RIGHT
[ADMIN] [12/11/2016 13:40] [] DISPLAY ADMIN FORM
[ADMIN] [12/11/2016 13:40] [] adminForm Load
[ADMIN] [12/11/2016 13:40] [] ACTIVATE USER ACCESS RIGHT
[] [12/11/2016 13:48] [] USER = ADMIN IS ACTIVE
[ADMIN] [12/11/2016 13:48] [] USER ID = 1 LOGIN SUCCESSFULLY
[ADMIN] [12/11/2016 13:48] [] ACTIVATE USER ACCESS RIGHT
[ADMIN] [12/11/2016 13:48] [] DISPLAY ADMIN FORM
[ADMIN] [12/11/2016 13:48] [] adminForm Load
[ADMIN] [12/11/2016 13:48] [] ACTIVATE USER ACCESS RIGHT
[] [12/11/2016 15:18] [] USER = ADMIN IS ACTIVE
[ADMIN] [12/11/2016 15:18] [] USER ID = 1 LOGIN SUCCESSFULLY
[ADMIN] [12/11/2016 15:18] [] ACTIVATE USER ACCESS RIGHT
[ADMIN] [12/11/2016 15:18] [] DISPLAY ADMIN FORM
[ADMIN] [12/11/2016 15:18] [] adminForm Load
[ADMIN] [12/11/2016 15:18] [] ACTIVATE USER ACCESS RIGHT
[ADMIN] [12/11/2016 15:29] [] USER ID = 1LOGOUT
