[] [08/11/2016 20.41] [] USER = ADMIN IS ACTIVE
[ADMIN] [08/11/2016 20.41] [] USER ID = 1 LOGIN SUCCESSFULLY
[ADMIN] [08/11/2016 20.41] [] ACTIVATE USER ACCESS RIGHT
[ADMIN] [08/11/2016 20.41] [] DISPLAY ADMIN FORM
[ADMIN] [08/11/2016 20.41] [] adminForm Load
[ADMIN] [08/11/2016 20.41] [] ACTIVATE USER ACCESS RIGHT
[ADMIN] [08/11/2016 20.49] [PENJUALAN] CASHIER FORM : MULTIPLE CASHIER INSTANCE [1]
[ADMIN] [08/11/2016 20.49] [PENJUALAN] CASHIER FORM : REGISTER HOTKEY
[ADMIN] [08/11/2016 20.49] [PENJUALAN] CASHIER FORM : cashierForm_Load, ATTEMPT TO LOAD NO FAKTUR
[ADMIN] [08/11/2016 20.49] [PENJUALAN] CASHIER FORM : loadNoFaktur, noFakturValue [SLO001]
[ADMIN] [08/11/2016 20.49] [PENJUALAN] CASHIER FORM : cashierForm_Load, ATTEMPT TO addColumnToDataGrid
[ADMIN] [08/11/2016 20.49] [PENJUALAN] CASHIER FORM : UPDATE ROW NUMBER, TOTAL ROW [1]
[ADMIN] [08/11/2016 20.49] [PENJUALAN] CASHIER FORM : cashierDataGridView_CellValueChanged [F8]
[ADMIN] [08/11/2016 20.49] [PENJUALAN] CASHIER FORM : calculateTotal
[ADMIN] [08/11/2016 20.49] [PENJUALAN] CASHIER FORM : calculateTotal [0]
[ADMIN] [08/11/2016 20.49] [PENJUALAN] CASHIER FORM : calculateTotal, totalAfterDisc [0]
[ADMIN] [08/11/2016 20.49] [PENJUALAN] CASHIER FORM : calculateChangeValue, bayarTextBox.Text [0]
[ADMIN] [08/11/2016 20.49] [PENJUALAN] CASHIER FORM : calculateChangeValue, sisaBayar [0]
[ADMIN] [08/11/2016 20.49] [PENJUALAN] CASHIER FORM : REGISTER HOTKEY
[ADMIN] [08/11/2016 21.10] [PENJUALAN] CASHIER FORM : UNREGISTER HOTKEY
[ADMIN] [08/11/2016 21.18] [PENJUALAN] CASHIER FORM : REGISTER HOTKEY
[ADMIN] [08/11/2016 21.18] [PENJUALAN] CASHIER FORM : UNREGISTER HOTKEY
[ADMIN] [08/11/2016 21.18] [PENJUALAN] CASHIER FORM : UNREGISTER HOTKEY
[ADMIN] [08/11/2016 21.19] [] USER ID = 1LOGOUT
