[] [08/11/2016 22.13] [] USER = ADMIN IS ACTIVE
[ADMIN] [08/11/2016 22.13] [] USER ID = 1 LOGIN SUCCESSFULLY
[ADMIN] [08/11/2016 22.13] [] ACTIVATE USER ACCESS RIGHT
[ADMIN] [08/11/2016 22.13] [] DISPLAY ADMIN FORM
[ADMIN] [08/11/2016 22.13] [] adminForm Load
[ADMIN] [08/11/2016 22.13] [] ACTIVATE USER ACCESS RIGHT
[ADMIN] [08/11/2016 22.13] [PENJUALAN] CASHIER FORM : MULTIPLE CASHIER INSTANCE [1]
[ADMIN] [08/11/2016 22.13] [PENJUALAN] CASHIER FORM : REGISTER HOTKEY
[ADMIN] [08/11/2016 22.13] [PENJUALAN] CASHIER FORM : cashierForm_Load, ATTEMPT TO LOAD NO FAKTUR
[ADMIN] [08/11/2016 22.13] [PENJUALAN] CASHIER FORM : loadNoFaktur, noFakturValue [SLO001]
[ADMIN] [08/11/2016 22.13] [PENJUALAN] CASHIER FORM : cashierForm_Load, ATTEMPT TO addColumnToDataGrid
[ADMIN] [08/11/2016 22.13] [PENJUALAN] CASHIER FORM : UPDATE ROW NUMBER, TOTAL ROW [1]
[ADMIN] [08/11/2016 22.13] [PENJUALAN] CASHIER FORM : cashierDataGridView_CellValueChanged [F8]
[ADMIN] [08/11/2016 22.13] [PENJUALAN] CASHIER FORM : calculateTotal
[ADMIN] [08/11/2016 22.13] [PENJUALAN] CASHIER FORM : calculateTotal [0]
[ADMIN] [08/11/2016 22.13] [PENJUALAN] CASHIER FORM : calculateTotal, totalAfterDisc [0]
[ADMIN] [08/11/2016 22.13] [PENJUALAN] CASHIER FORM : calculateChangeValue, bayarTextBox.Text [0]
[ADMIN] [08/11/2016 22.13] [PENJUALAN] CASHIER FORM : calculateChangeValue, sisaBayar [0]
[ADMIN] [08/11/2016 22.13] [PENJUALAN] CASHIER FORM : REGISTER HOTKEY
[ADMIN] [08/11/2016 22.13] [PENJUALAN] CASHIER FORM : HOTKEY TO OPEN PRODUK SEARCH FORM PRESSED
[ADMIN] [08/11/2016 22.13] [PENJUALAN] CASHIER FORM : UNREGISTER HOTKEY
[ADMIN] [08/11/2016 22.13] [PENJUALAN] CASHIER FORM : ADD NEW ROW FROM BARCODE [ALPO PUPPY 1 KG]
[ADMIN] [08/11/2016 22.13] [PENJUALAN] CASHIER FORM : ADD NEW ROW,  isActive [False]
[ADMIN] [08/11/2016 22.13] [PENJUALAN] CASHIER FORM : ADD NEW ROW,  ROW COUNT [0]
[ADMIN] [08/11/2016 22.13] [PENJUALAN] CASHIER FORM : ADD NEW ROW,  ALLOW TO ADD [True]
[ADMIN] [08/11/2016 22.13] [PENJUALAN] CASHIER FORM : UPDATE ROW NUMBER, TOTAL ROW [1]
[ADMIN] [08/11/2016 22.13] [PENJUALAN] CASHIER FORM : cashierDataGridView_CellValueChanged [F8]
[ADMIN] [08/11/2016 22.13] [PENJUALAN] CASHIER FORM : cashierDataGridView_CellValueChanged [hpp]
[ADMIN] [08/11/2016 22.13] [PENJUALAN] CASHIER FORM : cashierDataGridView_CellValueChanged [productPrice]
[ADMIN] [08/11/2016 22.13] [PENJUALAN] CASHIER FORM : cashierDataGridView_CellValueChanged, previousInput [0]
[ADMIN] [08/11/2016 22.13] [PENJUALAN] CASHIER FORM : cashierDataGridView_CellValueChanged [qty]
[ADMIN] [08/11/2016 22.13] [PENJUALAN] CASHIER FORM : cashierDataGridView_CellValueChanged, previousInput [0]
[ADMIN] [08/11/2016 22.13] [PENJUALAN] CASHIER FORM : cashierDataGridView_CellValueChanged [jumlah]
[ADMIN] [08/11/2016 22.13] [PENJUALAN] CASHIER FORM : NEW ROW ADDED [0]
[ADMIN] [08/11/2016 22.13] [PENJUALAN] CASHIER FORM : updateSomeRowContents
[ADMIN] [08/11/2016 22.13] [PENJUALAN] CASHIER FORM : cashierDataGridView_CellValueChanged [productID]
[ADMIN] [08/11/2016 22.13] [PENJUALAN] CASHIER FORM : cashierDataGridView_CellValueChanged [productName]
[ADMIN] [08/11/2016 22.13] [PENJUALAN] CASHIER FORM : updateSomeRowContents
[ADMIN] [08/11/2016 22.13] [PENJUALAN] CASHIER FORM : PRODUCT PRICE TYPE [PRODUCT_BASE_PRICE]
[ADMIN] [08/11/2016 22.13] [PENJUALAN] CASHIER FORM : PRODUCT PRICE [26625]
[ADMIN] [08/11/2016 22.13] [PENJUALAN] CASHIER FORM : ComboBox_SelectedIndexChanged, PRODUCT_BASE_PRICE [26625]
[ADMIN] [08/11/2016 22.13] [PENJUALAN] CASHIER FORM : cashierDataGridView_CellValueChanged [hpp]
[ADMIN] [08/11/2016 22.13] [PENJUALAN] CASHIER FORM : PRODUCT PRICE TYPE [PRODUCT_RETAIL_PRICE]
[ADMIN] [08/11/2016 22.13] [PENJUALAN] CASHIER FORM : PRODUCT PRICE [34000]
[ADMIN] [08/11/2016 22.13] [PENJUALAN] CASHIER FORM : ComboBox_SelectedIndexChanged, PRODUCT_SALES_PRICE [34000]
[ADMIN] [08/11/2016 22.13] [PENJUALAN] CASHIER FORM : cashierDataGridView_CellValueChanged [productPrice]
[ADMIN] [08/11/2016 22.13] [PENJUALAN] CASHIER FORM : cashierDataGridView_CellValueChanged, previousInput [0]
[ADMIN] [08/11/2016 22.13] [PENJUALAN] CASHIER FORM : cashierDataGridView_CellValueChanged, cellValue [34000]
[ADMIN] [08/11/2016 22.13] [PENJUALAN] CASHIER FORM : cashierDataGridView_CellValueChanged, dataGridViewTextBoxEditingControl.Text pass REGEX Checking
[ADMIN] [08/11/2016 22.13] [PENJUALAN] CASHIER FORM : CALCULATE SUBTOTAL
[ADMIN] [08/11/2016 22.13] [PENJUALAN] CASHIER FORM : SUBTOTAL [0]
[ADMIN] [08/11/2016 22.13] [PENJUALAN] CASHIER FORM : cashierDataGridView_CellValueChanged, subtotal value [0]
[ADMIN] [08/11/2016 22.13] [PENJUALAN] CASHIER FORM : cashierDataGridView_CellValueChanged, attempt to calculate total value
[ADMIN] [08/11/2016 22.13] [PENJUALAN] CASHIER FORM : calculateTotal
[ADMIN] [08/11/2016 22.13] [PENJUALAN] CASHIER FORM : calculateTotal [0]
[ADMIN] [08/11/2016 22.13] [PENJUALAN] CASHIER FORM : calculateTotal, totalAfterDisc [0]
[ADMIN] [08/11/2016 22.13] [PENJUALAN] CASHIER FORM : calculateChangeValue, bayarTextBox.Text [0]
[ADMIN] [08/11/2016 22.13] [PENJUALAN] CASHIER FORM : calculateChangeValue, sisaBayar [0]
[ADMIN] [08/11/2016 22.13] [PENJUALAN] CASHIER FORM : cashierDataGridView_CellValueChanged [qty]
[ADMIN] [08/11/2016 22.13] [PENJUALAN] CASHIER FORM : cashierDataGridView_CellValueChanged, previousInput [0]
[ADMIN] [08/11/2016 22.13] [PENJUALAN] CASHIER FORM : cashierDataGridView_CellValueChanged [jumlah]
[ADMIN] [08/11/2016 22.13] [PENJUALAN] CASHIER FORM : calculateTotal
[ADMIN] [08/11/2016 22.13] [PENJUALAN] CASHIER FORM : calculateTotal [0]
[ADMIN] [08/11/2016 22.13] [PENJUALAN] CASHIER FORM : calculateTotal, totalAfterDisc [0]
[ADMIN] [08/11/2016 22.13] [PENJUALAN] CASHIER FORM : calculateChangeValue, bayarTextBox.Text [0]
[ADMIN] [08/11/2016 22.13] [PENJUALAN] CASHIER FORM : calculateChangeValue, sisaBayar [0]
[ADMIN] [08/11/2016 22.13] [PENJUALAN] CASHIER FORM : CHECK STOCK QTY IS ENOUGH [ALPO-P1]
[ADMIN] [08/11/2016 22.13] [PENJUALAN] CASHIER FORM : CHECK STOCK QTY IS ENOUGH [64, 1]
[ADMIN] [08/11/2016 22.13] [PENJUALAN] CASHIER FORM : cashierDataGridView_CellValueChanged [qty]
[ADMIN] [08/11/2016 22.13] [PENJUALAN] CASHIER FORM : cashierDataGridView_CellValueChanged, previousInput [0]
[ADMIN] [08/11/2016 22.13] [PENJUALAN] CASHIER FORM : cashierDataGridView_CellValueChanged, cellValue [1]
[ADMIN] [08/11/2016 22.13] [PENJUALAN] CASHIER FORM : cashierDataGridView_CellValueChanged, dataGridViewTextBoxEditingControl.Text pass REGEX Checking
[ADMIN] [08/11/2016 22.13] [PENJUALAN] CASHIER FORM : CHECK STOCK QTY IS ENOUGH [ALPO-P1]
[ADMIN] [08/11/2016 22.13] [PENJUALAN] CASHIER FORM : CHECK STOCK QTY IS ENOUGH [64, 1]
[ADMIN] [08/11/2016 22.13] [PENJUALAN] CASHIER FORM : CALCULATE SUBTOTAL
[ADMIN] [08/11/2016 22.13] [PENJUALAN] CASHIER FORM : SUBTOTAL [34000]
[ADMIN] [08/11/2016 22.13] [PENJUALAN] CASHIER FORM : cashierDataGridView_CellValueChanged, subtotal value [34000]
[ADMIN] [08/11/2016 22.13] [PENJUALAN] CASHIER FORM : cashierDataGridView_CellValueChanged, attempt to calculate total value
[ADMIN] [08/11/2016 22.13] [PENJUALAN] CASHIER FORM : calculateTotal
[ADMIN] [08/11/2016 22.13] [PENJUALAN] CASHIER FORM : calculateTotal [34000]
[ADMIN] [08/11/2016 22.13] [PENJUALAN] CASHIER FORM : calculateTotal, totalAfterDisc [34000]
[ADMIN] [08/11/2016 22.13] [PENJUALAN] CASHIER FORM : calculateChangeValue, bayarTextBox.Text [0]
[ADMIN] [08/11/2016 22.13] [PENJUALAN] CASHIER FORM : calculateChangeValue, sisaBayar [0]
[ADMIN] [08/11/2016 22.13] [PENJUALAN] CASHIER FORM : SET QTY TO 1 BECAUSE OF NEW ROW
[ADMIN] [08/11/2016 22.13] [PENJUALAN] CASHIER FORM : CALCULATE SUBTOTAL
[ADMIN] [08/11/2016 22.13] [PENJUALAN] CASHIER FORM : SUBTOTAL [34000]
[ADMIN] [08/11/2016 22.13] [PENJUALAN] CASHIER FORM : calculateTotal
[ADMIN] [08/11/2016 22.13] [PENJUALAN] CASHIER FORM : calculateTotal [34000]
[ADMIN] [08/11/2016 22.13] [PENJUALAN] CASHIER FORM : calculateTotal, totalAfterDisc [34000]
[ADMIN] [08/11/2016 22.13] [PENJUALAN] CASHIER FORM : calculateChangeValue, bayarTextBox.Text [0]
[ADMIN] [08/11/2016 22.13] [PENJUALAN] CASHIER FORM : calculateChangeValue, sisaBayar [0]
[ADMIN] [08/11/2016 22.13] [PENJUALAN] CASHIER FORM : UPDATE ROW NUMBER, TOTAL ROW [2]
[ADMIN] [08/11/2016 22.13] [PENJUALAN] CASHIER FORM : cashierDataGridView_CellValueChanged [F8]
[ADMIN] [08/11/2016 22.13] [PENJUALAN] CASHIER FORM : REGISTER HOTKEY
[ADMIN] [08/11/2016 22.13] [PENJUALAN] CASHIER FORM : cashierDataGridView_CellValueChanged [qty]
[ADMIN] [08/11/2016 22.13] [PENJUALAN] CASHIER FORM : cashierDataGridView_CellValueChanged, previousInput [1]
[ADMIN] [08/11/2016 22.13] [PENJUALAN] CASHIER FORM : cashierDataGridView_CellValueChanged, dataGridViewTextBoxEditingControl.Text pass REGEX Checking
[ADMIN] [08/11/2016 22.13] [PENJUALAN] CASHIER FORM : CHECK STOCK QTY IS ENOUGH [ALPO-P1]
[ADMIN] [08/11/2016 22.13] [PENJUALAN] CASHIER FORM : CHECK STOCK QTY IS ENOUGH [64, 2]
[ADMIN] [08/11/2016 22.13] [PENJUALAN] CASHIER FORM : CALCULATE SUBTOTAL
[ADMIN] [08/11/2016 22.13] [PENJUALAN] CASHIER FORM : SUBTOTAL [68000]
[ADMIN] [08/11/2016 22.13] [PENJUALAN] CASHIER FORM : cashierDataGridView_CellValueChanged, subtotal value [68000]
[ADMIN] [08/11/2016 22.13] [PENJUALAN] CASHIER FORM : cashierDataGridView_CellValueChanged, attempt to calculate total value
[ADMIN] [08/11/2016 22.13] [PENJUALAN] CASHIER FORM : calculateTotal
[ADMIN] [08/11/2016 22.13] [PENJUALAN] CASHIER FORM : calculateTotal [68000]
[ADMIN] [08/11/2016 22.13] [PENJUALAN] CASHIER FORM : calculateTotal, totalAfterDisc [68000]
[ADMIN] [08/11/2016 22.13] [PENJUALAN] CASHIER FORM : calculateChangeValue, bayarTextBox.Text [0]
[ADMIN] [08/11/2016 22.13] [PENJUALAN] CASHIER FORM : calculateChangeValue, sisaBayar [0]
[ADMIN] [08/11/2016 22.13] [PENJUALAN] CASHIER FORM : Combobox_KeyUp, cashierDataGridView.CurrentCell.OwningColumn.Name  [qty]
[ADMIN] [08/11/2016 22.13] [PENJUALAN] CASHIER FORM : calculateChangeValue, bayarTextBox.Text [7]
[ADMIN] [08/11/2016 22.13] [PENJUALAN] CASHIER FORM : calculateChangeValue, sisaBayar [0]
[ADMIN] [08/11/2016 22.13] [PENJUALAN] CASHIER FORM : calculateChangeValue, bayarTextBox.Text [1]
[ADMIN] [08/11/2016 22.13] [PENJUALAN] CASHIER FORM : calculateChangeValue, sisaBayar [0]
[ADMIN] [08/11/2016 22.13] [PENJUALAN] CASHIER FORM : calculateChangeValue, bayarTextBox.Text [10]
[ADMIN] [08/11/2016 22.13] [PENJUALAN] CASHIER FORM : calculateChangeValue, sisaBayar [0]
[ADMIN] [08/11/2016 22.13] [PENJUALAN] CASHIER FORM : calculateChangeValue, bayarTextBox.Text [100]
[ADMIN] [08/11/2016 22.13] [PENJUALAN] CASHIER FORM : calculateChangeValue, sisaBayar [0]
[ADMIN] [08/11/2016 22.13] [PENJUALAN] CASHIER FORM : calculateChangeValue, bayarTextBox.Text [1000]
[ADMIN] [08/11/2016 22.13] [PENJUALAN] CASHIER FORM : calculateChangeValue, sisaBayar [0]
[ADMIN] [08/11/2016 22.13] [PENJUALAN] CASHIER FORM : calculateChangeValue, bayarTextBox.Text [10000]
[ADMIN] [08/11/2016 22.13] [PENJUALAN] CASHIER FORM : calculateChangeValue, sisaBayar [0]
[ADMIN] [08/11/2016 22.13] [PENJUALAN] CASHIER FORM : calculateChangeValue, bayarTextBox.Text [100000]
[ADMIN] [08/11/2016 22.13] [PENJUALAN] CASHIER FORM : calculateChangeValue, sisaBayar [32000]
[ADMIN] [08/11/2016 22.13] [PENJUALAN] CASHIER FORM : calculateChangeValue, bayarTextBox.Text [1000000]
[ADMIN] [08/11/2016 22.13] [PENJUALAN] CASHIER FORM : calculateChangeValue, sisaBayar [932000]
[ADMIN] [08/11/2016 22.13] [PENJUALAN] CASHIER FORM : calculateChangeValue, bayarTextBox.Text [100000]
[ADMIN] [08/11/2016 22.13] [PENJUALAN] CASHIER FORM : calculateChangeValue, sisaBayar [32000]
[ADMIN] [08/11/2016 22.13] [PENJUALAN] CASHIER FORM : HOTKEY TO SAVE AND PRINT OUT INVOICE PRESSED
[ADMIN] [08/11/2016 22.13] [PENJUALAN] CASHIER FORM : UNREGISTER HOTKEY
[ADMIN] [08/11/2016 22.13] [PENJUALAN] CASHIER FORM : REGISTER HOTKEY
[ADMIN] [08/11/2016 22.13] [PENJUALAN] ATTEMPT TO SAVE AND PRINT OUT INVOICE
[ADMIN] [08/11/2016 22.13] [PENJUALAN] CASHIER FORM : UNREGISTER HOTKEY
[ADMIN] [08/11/2016 22.13] [PENJUALAN] CASHIER FORM : REGISTER HOTKEY
[ADMIN] [08/11/2016 22.13] [PENJUALAN] CASHIER FORM : UNREGISTER HOTKEY
[ADMIN] [08/11/2016 22.13] [PENJUALAN] CASHIER FORM : ATTEMPT TO SAVE SALES DATA [08-11-2016 22:13]
[ADMIN] [08/11/2016 22.13] [PENJUALAN] CASHIER FORM : SALES DISC FINAL [0]
[ADMIN] [08/11/2016 22.13] [PENJUALAN] CASHIER FORM : CASH SALES
[ADMIN] [08/11/2016 22.13] [PENJUALAN] CHECK IF TAX LIMIT SET FOR PERCENTAGE PURCHASE [0]
[ADMIN] [08/11/2016 22.13] [PENJUALAN] CHECK IF TAX LIMIT SET FOR AVERAGE DAILY PURCHASE [0]
[ADMIN] [08/11/2016 22.13] [PENJUALAN] CASHIER FORM : NO FAKTUR [SLO001]
[ADMIN] [08/11/2016 22.13] [PENJUALAN] CASHIER FORM : MAX SALES INVOICE [15]
[ADMIN] [08/11/2016 22.13] [PENJUALAN] CASHIER FORM : SALES INVOICE [SLO001-16]
[ADMIN] [08/11/2016 22.13] [PENJUALAN] INSERT INTO SALES HEADER [SLO001-16]
[ADMIN] [08/11/2016 22.13] [PENJUALAN] INSERT INTO SALES DETAIL[ALPO-P1, 34000, 2]
[ADMIN] [08/11/2016 22.13] [PENJUALAN] REDUCE STOCK AT MASTER PRODUCT [ALPO-P1]
[ADMIN] [08/11/2016 22.13] [PENJUALAN] INSERT TO CREDIT TABLE [SLO001-16]
[ADMIN] [08/11/2016 22.13] [PENJUALAN] INSERT TO DAILY JOURNAL TABLE [68000]
[ADMIN] [08/11/2016 22.13] [PENJUALAN] CASHIER FORM : REGISTER HOTKEY
[ADMIN] [08/11/2016 22.13] [PENJUALAN] TRANSACTION SAVED
[ADMIN] [08/11/2016 22.13] [PENJUALAN] PRINT OUT INVOICE
[ADMIN] [08/11/2016 22.13] [PENJUALAN] CASHIER FORM : PrintReceipt
[ADMIN] [08/11/2016 22.13] [PENJUALAN] CASHIER FORM : PrintReceipt, POS size Paper
[ADMIN] [08/11/2016 22.13] [PENJUALAN] CASHIER FORM : loadInfoToko
[ADMIN] [08/11/2016 22.13] [PENJUALAN] CASHIER FORM : calculatePageLength, totalLengthPage [282]
[ADMIN] [08/11/2016 22.13] [PENJUALAN] CASHIER FORM : UNREGISTER HOTKEY
[ADMIN] [08/11/2016 22.13] [PENJUALAN] CASHIER FORM : printDocument1_PrintPage, print POS size receipt
[ADMIN] [08/11/2016 22.13] [PENJUALAN] CASHIER FORM : loadInfoToko
[ADMIN] [08/11/2016 22.13] [PENJUALAN] CASHIER FORM : loadNamaUser
[ADMIN] [08/11/2016 22.14] [PENJUALAN] CASHIER FORM : REGISTER HOTKEY
[ADMIN] [08/11/2016 22.14] [PENJUALAN] CASHIER FORM : UNREGISTER HOTKEY
[ADMIN] [08/11/2016 22.14] [PENJUALAN] CASHIER FORM : REGISTER HOTKEY
[ADMIN] [08/11/2016 22.14] [PENJUALAN] CASHIER FORM : UPDATE ROW NUMBER, TOTAL ROW [1]
[ADMIN] [08/11/2016 22.14] [PENJUALAN] CASHIER FORM : cashierDataGridView_CellValueChanged [F8]
[ADMIN] [08/11/2016 22.14] [PENJUALAN] CASHIER FORM : UNREGISTER HOTKEY
[ADMIN] [08/11/2016 22.14] [PENJUALAN] CASHIER FORM : UNREGISTER HOTKEY
[] [08/11/2016 22.24] [] USER = ADMIN IS ACTIVE
[ADMIN] [08/11/2016 22.24] [] USER ID = 1 LOGIN SUCCESSFULLY
[ADMIN] [08/11/2016 22.24] [] ACTIVATE USER ACCESS RIGHT
[ADMIN] [08/11/2016 22.24] [] DISPLAY ADMIN FORM
[ADMIN] [08/11/2016 22.24] [] adminForm Load
[ADMIN] [08/11/2016 22.24] [] ACTIVATE USER ACCESS RIGHT
[ADMIN] [08/11/2016 22.25] [PENJUALAN] CASHIER FORM : MULTIPLE CASHIER INSTANCE [1]
[ADMIN] [08/11/2016 22.25] [PENJUALAN] CASHIER FORM : REGISTER HOTKEY
[ADMIN] [08/11/2016 22.25] [PENJUALAN] CASHIER FORM : cashierForm_Load, ATTEMPT TO LOAD NO FAKTUR
[ADMIN] [08/11/2016 22.25] [PENJUALAN] CASHIER FORM : loadNoFaktur, noFakturValue [SLO001]
[ADMIN] [08/11/2016 22.25] [PENJUALAN] CASHIER FORM : cashierForm_Load, ATTEMPT TO addColumnToDataGrid
[ADMIN] [08/11/2016 22.25] [PENJUALAN] CASHIER FORM : UPDATE ROW NUMBER, TOTAL ROW [1]
[ADMIN] [08/11/2016 22.25] [PENJUALAN] CASHIER FORM : cashierDataGridView_CellValueChanged [F8]
[ADMIN] [08/11/2016 22.25] [PENJUALAN] CASHIER FORM : calculateTotal
[ADMIN] [08/11/2016 22.25] [PENJUALAN] CASHIER FORM : calculateTotal [0]
[ADMIN] [08/11/2016 22.25] [PENJUALAN] CASHIER FORM : calculateTotal, totalAfterDisc [0]
[ADMIN] [08/11/2016 22.25] [PENJUALAN] CASHIER FORM : calculateChangeValue, bayarTextBox.Text [0]
[ADMIN] [08/11/2016 22.25] [PENJUALAN] CASHIER FORM : calculateChangeValue, sisaBayar [0]
[ADMIN] [08/11/2016 22.25] [PENJUALAN] CASHIER FORM : REGISTER HOTKEY
[ADMIN] [08/11/2016 22.25] [PENJUALAN] CASHIER FORM : MULTIPLE CASHIER INSTANCE [1]
[ADMIN] [08/11/2016 22.25] [PENJUALAN] CASHIER FORM : REGISTER HOTKEY
[ADMIN] [08/11/2016 22.25] [PENJUALAN] CASHIER FORM : cashierForm_Load, ATTEMPT TO LOAD NO FAKTUR
[ADMIN] [08/11/2016 22.25] [PENJUALAN] CASHIER FORM : loadNoFaktur, noFakturValue [SLO001]
[ADMIN] [08/11/2016 22.25] [PENJUALAN] CASHIER FORM : cashierForm_Load, ATTEMPT TO addColumnToDataGrid
[ADMIN] [08/11/2016 22.25] [PENJUALAN] CASHIER FORM : UPDATE ROW NUMBER, TOTAL ROW [1]
[ADMIN] [08/11/2016 22.25] [PENJUALAN] CASHIER FORM : cashierDataGridView_CellValueChanged [F8]
[ADMIN] [08/11/2016 22.25] [PENJUALAN] CASHIER FORM : calculateTotal
[ADMIN] [08/11/2016 22.25] [PENJUALAN] CASHIER FORM : calculateTotal [0]
[ADMIN] [08/11/2016 22.25] [PENJUALAN] CASHIER FORM : calculateTotal, totalAfterDisc [0]
[ADMIN] [08/11/2016 22.25] [PENJUALAN] CASHIER FORM : calculateChangeValue, bayarTextBox.Text [0]
[ADMIN] [08/11/2016 22.25] [PENJUALAN] CASHIER FORM : calculateChangeValue, sisaBayar [0]
[ADMIN] [08/11/2016 22.25] [PENJUALAN] CASHIER FORM : UNREGISTER HOTKEY
[ADMIN] [08/11/2016 22.25] [PENJUALAN] CASHIER FORM : REGISTER HOTKEY
[ADMIN] [08/11/2016 22.25] [PENJUALAN] CASHIER FORM : Combobox_KeyUp, cashierDataGridView.CurrentCell.OwningColumn.Name  [productID]
[ADMIN] [08/11/2016 22.25] [PENJUALAN] CASHIER FORM : Combobox_KeyUp, cashierDataGridView.CurrentCell.OwningColumn.Name  [productID]
[ADMIN] [08/11/2016 22.25] [PENJUALAN] CASHIER FORM : UNREGISTER HOTKEY
[ADMIN] [08/11/2016 22.25] [PENJUALAN] CASHIER FORM : UNREGISTER HOTKEY
[ADMIN] [08/11/2016 22.25] [PENJUALAN] CASHIER FORM : REGISTER HOTKEY
[ADMIN] [08/11/2016 22.25] [PENJUALAN] CASHIER FORM : UNREGISTER HOTKEY
[ADMIN] [08/11/2016 22.25] [PENJUALAN] CASHIER FORM : UNREGISTER HOTKEY
[ADMIN] [08/11/2016 22.25] [PENJUALAN] CASHIER FORM : MULTIPLE CASHIER INSTANCE [1]
[ADMIN] [08/11/2016 22.25] [PENJUALAN] CASHIER FORM : REGISTER HOTKEY
[ADMIN] [08/11/2016 22.25] [PENJUALAN] CASHIER FORM : cashierForm_Load, ATTEMPT TO LOAD NO FAKTUR
[ADMIN] [08/11/2016 22.25] [PENJUALAN] CASHIER FORM : loadNoFaktur, noFakturValue [SLO001]
[ADMIN] [08/11/2016 22.25] [PENJUALAN] CASHIER FORM : cashierForm_Load, ATTEMPT TO addColumnToDataGrid
[ADMIN] [08/11/2016 22.25] [PENJUALAN] CASHIER FORM : UPDATE ROW NUMBER, TOTAL ROW [1]
[ADMIN] [08/11/2016 22.25] [PENJUALAN] CASHIER FORM : cashierDataGridView_CellValueChanged [F8]
[ADMIN] [08/11/2016 22.25] [PENJUALAN] CASHIER FORM : calculateTotal
[ADMIN] [08/11/2016 22.25] [PENJUALAN] CASHIER FORM : calculateTotal [0]
[ADMIN] [08/11/2016 22.25] [PENJUALAN] CASHIER FORM : calculateTotal, totalAfterDisc [0]
[ADMIN] [08/11/2016 22.25] [PENJUALAN] CASHIER FORM : calculateChangeValue, bayarTextBox.Text [0]
[ADMIN] [08/11/2016 22.25] [PENJUALAN] CASHIER FORM : calculateChangeValue, sisaBayar [0]
[ADMIN] [08/11/2016 22.25] [PENJUALAN] CASHIER FORM : REGISTER HOTKEY
[ADMIN] [08/11/2016 22.25] [PENJUALAN] CASHIER FORM : Combobox_KeyUp, cashierDataGridView.CurrentCell.OwningColumn.Name  [productID]
[ADMIN] [08/11/2016 22.25] [PENJUALAN] CASHIER FORM : HOTKEY TO OPEN PRODUK SEARCH FORM PRESSED
[ADMIN] [08/11/2016 22.25] [PENJUALAN] CASHIER FORM : UNREGISTER HOTKEY
[ADMIN] [08/11/2016 22.25] [PENJUALAN] CASHIER FORM : ADD NEW ROW FROM BARCODE [ALPO PUPPY 1 KG]
[ADMIN] [08/11/2016 22.25] [PENJUALAN] CASHIER FORM : ADD NEW ROW,  isActive [False]
[ADMIN] [08/11/2016 22.25] [PENJUALAN] CASHIER FORM : ADD NEW ROW,  ROW COUNT [0]
[ADMIN] [08/11/2016 22.25] [PENJUALAN] CASHIER FORM : ADD NEW ROW,  ALLOW TO ADD [True]
[ADMIN] [08/11/2016 22.25] [PENJUALAN] CASHIER FORM : UPDATE ROW NUMBER, TOTAL ROW [1]
[ADMIN] [08/11/2016 22.25] [PENJUALAN] CASHIER FORM : cashierDataGridView_CellValueChanged [F8]
[ADMIN] [08/11/2016 22.25] [PENJUALAN] CASHIER FORM : cashierDataGridView_CellValueChanged [hpp]
[ADMIN] [08/11/2016 22.25] [PENJUALAN] CASHIER FORM : cashierDataGridView_CellValueChanged [productPrice]
[ADMIN] [08/11/2016 22.25] [PENJUALAN] CASHIER FORM : cashierDataGridView_CellValueChanged, previousInput [0]
[ADMIN] [08/11/2016 22.25] [PENJUALAN] CASHIER FORM : cashierDataGridView_CellValueChanged [qty]
[ADMIN] [08/11/2016 22.25] [PENJUALAN] CASHIER FORM : cashierDataGridView_CellValueChanged, previousInput [0]
[ADMIN] [08/11/2016 22.25] [PENJUALAN] CASHIER FORM : cashierDataGridView_CellValueChanged [jumlah]
[ADMIN] [08/11/2016 22.25] [PENJUALAN] CASHIER FORM : NEW ROW ADDED [0]
[ADMIN] [08/11/2016 22.25] [PENJUALAN] CASHIER FORM : updateSomeRowContents
[ADMIN] [08/11/2016 22.25] [PENJUALAN] CASHIER FORM : cashierDataGridView_CellValueChanged [productID]
[ADMIN] [08/11/2016 22.25] [PENJUALAN] CASHIER FORM : cashierDataGridView_CellValueChanged [productName]
[ADMIN] [08/11/2016 22.25] [PENJUALAN] CASHIER FORM : updateSomeRowContents
[ADMIN] [08/11/2016 22.25] [PENJUALAN] CASHIER FORM : PRODUCT PRICE TYPE [PRODUCT_BASE_PRICE]
[ADMIN] [08/11/2016 22.25] [PENJUALAN] CASHIER FORM : PRODUCT PRICE [26625]
[ADMIN] [08/11/2016 22.25] [PENJUALAN] CASHIER FORM : ComboBox_SelectedIndexChanged, PRODUCT_BASE_PRICE [26625]
[ADMIN] [08/11/2016 22.25] [PENJUALAN] CASHIER FORM : cashierDataGridView_CellValueChanged [hpp]
[ADMIN] [08/11/2016 22.25] [PENJUALAN] CASHIER FORM : PRODUCT PRICE TYPE [PRODUCT_RETAIL_PRICE]
[ADMIN] [08/11/2016 22.25] [PENJUALAN] CASHIER FORM : PRODUCT PRICE [34000]
[ADMIN] [08/11/2016 22.25] [PENJUALAN] CASHIER FORM : ComboBox_SelectedIndexChanged, PRODUCT_SALES_PRICE [34000]
[ADMIN] [08/11/2016 22.25] [PENJUALAN] CASHIER FORM : cashierDataGridView_CellValueChanged [productPrice]
[ADMIN] [08/11/2016 22.25] [PENJUALAN] CASHIER FORM : cashierDataGridView_CellValueChanged, previousInput [0]
[ADMIN] [08/11/2016 22.25] [PENJUALAN] CASHIER FORM : cashierDataGridView_CellValueChanged, cellValue [34000]
[ADMIN] [08/11/2016 22.25] [PENJUALAN] CASHIER FORM : cashierDataGridView_CellValueChanged, dataGridViewTextBoxEditingControl.Text pass REGEX Checking
[ADMIN] [08/11/2016 22.25] [PENJUALAN] CASHIER FORM : CALCULATE SUBTOTAL
[ADMIN] [08/11/2016 22.25] [PENJUALAN] CASHIER FORM : SUBTOTAL [0]
[ADMIN] [08/11/2016 22.25] [PENJUALAN] CASHIER FORM : cashierDataGridView_CellValueChanged, subtotal value [0]
[ADMIN] [08/11/2016 22.25] [PENJUALAN] CASHIER FORM : cashierDataGridView_CellValueChanged, attempt to calculate total value
[ADMIN] [08/11/2016 22.25] [PENJUALAN] CASHIER FORM : calculateTotal
[ADMIN] [08/11/2016 22.25] [PENJUALAN] CASHIER FORM : calculateTotal [0]
[ADMIN] [08/11/2016 22.25] [PENJUALAN] CASHIER FORM : calculateTotal, totalAfterDisc [0]
[ADMIN] [08/11/2016 22.25] [PENJUALAN] CASHIER FORM : calculateChangeValue, bayarTextBox.Text [0]
[ADMIN] [08/11/2016 22.25] [PENJUALAN] CASHIER FORM : calculateChangeValue, sisaBayar [0]
[ADMIN] [08/11/2016 22.25] [PENJUALAN] CASHIER FORM : cashierDataGridView_CellValueChanged [qty]
[ADMIN] [08/11/2016 22.25] [PENJUALAN] CASHIER FORM : cashierDataGridView_CellValueChanged, previousInput [0]
[ADMIN] [08/11/2016 22.25] [PENJUALAN] CASHIER FORM : cashierDataGridView_CellValueChanged [jumlah]
[ADMIN] [08/11/2016 22.25] [PENJUALAN] CASHIER FORM : calculateTotal
[ADMIN] [08/11/2016 22.25] [PENJUALAN] CASHIER FORM : calculateTotal [0]
[ADMIN] [08/11/2016 22.25] [PENJUALAN] CASHIER FORM : calculateTotal, totalAfterDisc [0]
[ADMIN] [08/11/2016 22.25] [PENJUALAN] CASHIER FORM : calculateChangeValue, bayarTextBox.Text [0]
[ADMIN] [08/11/2016 22.25] [PENJUALAN] CASHIER FORM : calculateChangeValue, sisaBayar [0]
[ADMIN] [08/11/2016 22.25] [PENJUALAN] CASHIER FORM : CHECK STOCK QTY IS ENOUGH [ALPO-P1]
[ADMIN] [08/11/2016 22.25] [PENJUALAN] CASHIER FORM : CHECK STOCK QTY IS ENOUGH [62, 1]
[ADMIN] [08/11/2016 22.25] [PENJUALAN] CASHIER FORM : cashierDataGridView_CellValueChanged [qty]
[ADMIN] [08/11/2016 22.25] [PENJUALAN] CASHIER FORM : cashierDataGridView_CellValueChanged, previousInput [0]
[ADMIN] [08/11/2016 22.25] [PENJUALAN] CASHIER FORM : cashierDataGridView_CellValueChanged, cellValue [1]
[ADMIN] [08/11/2016 22.25] [PENJUALAN] CASHIER FORM : cashierDataGridView_CellValueChanged, dataGridViewTextBoxEditingControl.Text pass REGEX Checking
[ADMIN] [08/11/2016 22.25] [PENJUALAN] CASHIER FORM : CHECK STOCK QTY IS ENOUGH [ALPO-P1]
[ADMIN] [08/11/2016 22.25] [PENJUALAN] CASHIER FORM : CHECK STOCK QTY IS ENOUGH [62, 1]
[ADMIN] [08/11/2016 22.25] [PENJUALAN] CASHIER FORM : CALCULATE SUBTOTAL
[ADMIN] [08/11/2016 22.25] [PENJUALAN] CASHIER FORM : SUBTOTAL [34000]
[ADMIN] [08/11/2016 22.25] [PENJUALAN] CASHIER FORM : cashierDataGridView_CellValueChanged, subtotal value [34000]
[ADMIN] [08/11/2016 22.25] [PENJUALAN] CASHIER FORM : cashierDataGridView_CellValueChanged, attempt to calculate total value
[ADMIN] [08/11/2016 22.25] [PENJUALAN] CASHIER FORM : calculateTotal
[ADMIN] [08/11/2016 22.25] [PENJUALAN] CASHIER FORM : calculateTotal [34000]
[ADMIN] [08/11/2016 22.25] [PENJUALAN] CASHIER FORM : calculateTotal, totalAfterDisc [34000]
[ADMIN] [08/11/2016 22.25] [PENJUALAN] CASHIER FORM : calculateChangeValue, bayarTextBox.Text [0]
[ADMIN] [08/11/2016 22.25] [PENJUALAN] CASHIER FORM : calculateChangeValue, sisaBayar [0]
[ADMIN] [08/11/2016 22.25] [PENJUALAN] CASHIER FORM : SET QTY TO 1 BECAUSE OF NEW ROW
[ADMIN] [08/11/2016 22.25] [PENJUALAN] CASHIER FORM : CALCULATE SUBTOTAL
[ADMIN] [08/11/2016 22.25] [PENJUALAN] CASHIER FORM : SUBTOTAL [34000]
[ADMIN] [08/11/2016 22.25] [PENJUALAN] CASHIER FORM : calculateTotal
[ADMIN] [08/11/2016 22.25] [PENJUALAN] CASHIER FORM : calculateTotal [34000]
[ADMIN] [08/11/2016 22.25] [PENJUALAN] CASHIER FORM : calculateTotal, totalAfterDisc [34000]
[ADMIN] [08/11/2016 22.25] [PENJUALAN] CASHIER FORM : calculateChangeValue, bayarTextBox.Text [0]
[ADMIN] [08/11/2016 22.25] [PENJUALAN] CASHIER FORM : calculateChangeValue, sisaBayar [0]
[ADMIN] [08/11/2016 22.25] [PENJUALAN] CASHIER FORM : UPDATE ROW NUMBER, TOTAL ROW [2]
[ADMIN] [08/11/2016 22.25] [PENJUALAN] CASHIER FORM : cashierDataGridView_CellValueChanged [F8]
[ADMIN] [08/11/2016 22.25] [PENJUALAN] CASHIER FORM : REGISTER HOTKEY
[ADMIN] [08/11/2016 22.25] [PENJUALAN] CASHIER FORM : cashierDataGridView_CellValueChanged [qty]
[ADMIN] [08/11/2016 22.25] [PENJUALAN] CASHIER FORM : cashierDataGridView_CellValueChanged, previousInput [1]
[ADMIN] [08/11/2016 22.25] [PENJUALAN] CASHIER FORM : cashierDataGridView_CellValueChanged, dataGridViewTextBoxEditingControl.Text pass REGEX Checking
[ADMIN] [08/11/2016 22.25] [PENJUALAN] CASHIER FORM : CHECK STOCK QTY IS ENOUGH [ALPO-P1]
[ADMIN] [08/11/2016 22.25] [PENJUALAN] CASHIER FORM : CHECK STOCK QTY IS ENOUGH [62, 3]
[ADMIN] [08/11/2016 22.25] [PENJUALAN] CASHIER FORM : CALCULATE SUBTOTAL
[ADMIN] [08/11/2016 22.25] [PENJUALAN] CASHIER FORM : SUBTOTAL [102000]
[ADMIN] [08/11/2016 22.25] [PENJUALAN] CASHIER FORM : cashierDataGridView_CellValueChanged, subtotal value [102000]
[ADMIN] [08/11/2016 22.25] [PENJUALAN] CASHIER FORM : cashierDataGridView_CellValueChanged, attempt to calculate total value
[ADMIN] [08/11/2016 22.25] [PENJUALAN] CASHIER FORM : calculateTotal
[ADMIN] [08/11/2016 22.25] [PENJUALAN] CASHIER FORM : calculateTotal [102000]
[ADMIN] [08/11/2016 22.25] [PENJUALAN] CASHIER FORM : calculateTotal, totalAfterDisc [102000]
[ADMIN] [08/11/2016 22.25] [PENJUALAN] CASHIER FORM : calculateChangeValue, bayarTextBox.Text [0]
[ADMIN] [08/11/2016 22.25] [PENJUALAN] CASHIER FORM : calculateChangeValue, sisaBayar [0]
[ADMIN] [08/11/2016 22.25] [PENJUALAN] CASHIER FORM : Combobox_KeyUp, cashierDataGridView.CurrentCell.OwningColumn.Name  [qty]
[ADMIN] [08/11/2016 22.25] [PENJUALAN] CASHIER FORM : calculateChangeValue, bayarTextBox.Text [10]
[ADMIN] [08/11/2016 22.25] [PENJUALAN] CASHIER FORM : calculateChangeValue, sisaBayar [0]
[ADMIN] [08/11/2016 22.25] [PENJUALAN] CASHIER FORM : calculateChangeValue, bayarTextBox.Text [105]
[ADMIN] [08/11/2016 22.25] [PENJUALAN] CASHIER FORM : calculateChangeValue, sisaBayar [0]
[ADMIN] [08/11/2016 22.25] [PENJUALAN] CASHIER FORM : calculateChangeValue, bayarTextBox.Text [1050]
[ADMIN] [08/11/2016 22.25] [PENJUALAN] CASHIER FORM : calculateChangeValue, sisaBayar [0]
[ADMIN] [08/11/2016 22.25] [PENJUALAN] CASHIER FORM : calculateChangeValue, bayarTextBox.Text [10500]
[ADMIN] [08/11/2016 22.25] [PENJUALAN] CASHIER FORM : calculateChangeValue, sisaBayar [0]
[ADMIN] [08/11/2016 22.25] [PENJUALAN] CASHIER FORM : calculateChangeValue, bayarTextBox.Text [105000]
[ADMIN] [08/11/2016 22.25] [PENJUALAN] CASHIER FORM : calculateChangeValue, sisaBayar [3000]
[ADMIN] [08/11/2016 22.25] [PENJUALAN] CASHIER FORM : calculateChangeValue, bayarTextBox.Text [1050000]
[ADMIN] [08/11/2016 22.25] [PENJUALAN] CASHIER FORM : calculateChangeValue, sisaBayar [948000]
[ADMIN] [08/11/2016 22.25] [PENJUALAN] CASHIER FORM : calculateChangeValue, bayarTextBox.Text [105000]
[ADMIN] [08/11/2016 22.25] [PENJUALAN] CASHIER FORM : calculateChangeValue, sisaBayar [3000]
[ADMIN] [08/11/2016 22.25] [PENJUALAN] CASHIER FORM : calculateChangeValue, bayarTextBox.Text [10500]
[ADMIN] [08/11/2016 22.25] [PENJUALAN] CASHIER FORM : calculateChangeValue, sisaBayar [0]
[ADMIN] [08/11/2016 22.25] [PENJUALAN] CASHIER FORM : calculateChangeValue, bayarTextBox.Text [1050]
[ADMIN] [08/11/2016 22.25] [PENJUALAN] CASHIER FORM : calculateChangeValue, sisaBayar [0]
[ADMIN] [08/11/2016 22.25] [PENJUALAN] CASHIER FORM : calculateChangeValue, bayarTextBox.Text [105]
[ADMIN] [08/11/2016 22.25] [PENJUALAN] CASHIER FORM : calculateChangeValue, sisaBayar [0]
[ADMIN] [08/11/2016 22.25] [PENJUALAN] CASHIER FORM : calculateChangeValue, bayarTextBox.Text [10]
[ADMIN] [08/11/2016 22.25] [PENJUALAN] CASHIER FORM : calculateChangeValue, sisaBayar [0]
[ADMIN] [08/11/2016 22.25] [PENJUALAN] CASHIER FORM : calculateChangeValue, bayarTextBox.Text [1]
[ADMIN] [08/11/2016 22.25] [PENJUALAN] CASHIER FORM : calculateChangeValue, sisaBayar [0]
[ADMIN] [08/11/2016 22.25] [PENJUALAN] CASHIER FORM : calculateChangeValue, bayarTextBox.Text [15]
[ADMIN] [08/11/2016 22.25] [PENJUALAN] CASHIER FORM : calculateChangeValue, sisaBayar [0]
[ADMIN] [08/11/2016 22.25] [PENJUALAN] CASHIER FORM : calculateChangeValue, bayarTextBox.Text [150]
[ADMIN] [08/11/2016 22.25] [PENJUALAN] CASHIER FORM : calculateChangeValue, sisaBayar [0]
[ADMIN] [08/11/2016 22.25] [PENJUALAN] CASHIER FORM : calculateChangeValue, bayarTextBox.Text [1500]
[ADMIN] [08/11/2016 22.25] [PENJUALAN] CASHIER FORM : calculateChangeValue, sisaBayar [0]
[ADMIN] [08/11/2016 22.25] [PENJUALAN] CASHIER FORM : calculateChangeValue, bayarTextBox.Text [15000]
[ADMIN] [08/11/2016 22.25] [PENJUALAN] CASHIER FORM : calculateChangeValue, sisaBayar [0]
[ADMIN] [08/11/2016 22.25] [PENJUALAN] CASHIER FORM : calculateChangeValue, bayarTextBox.Text [150000]
[ADMIN] [08/11/2016 22.25] [PENJUALAN] CASHIER FORM : calculateChangeValue, sisaBayar [48000]
[ADMIN] [08/11/2016 22.25] [PENJUALAN] CASHIER FORM : HOTKEY TO SAVE AND PRINT OUT INVOICE PRESSED
[ADMIN] [08/11/2016 22.25] [PENJUALAN] CASHIER FORM : UNREGISTER HOTKEY
[ADMIN] [08/11/2016 22.25] [PENJUALAN] CASHIER FORM : REGISTER HOTKEY
[ADMIN] [08/11/2016 22.25] [PENJUALAN] ATTEMPT TO SAVE AND PRINT OUT INVOICE
[ADMIN] [08/11/2016 22.25] [PENJUALAN] CASHIER FORM : UNREGISTER HOTKEY
[ADMIN] [08/11/2016 22.25] [PENJUALAN] CASHIER FORM : REGISTER HOTKEY
[ADMIN] [08/11/2016 22.25] [PENJUALAN] CASHIER FORM : UNREGISTER HOTKEY
[ADMIN] [08/11/2016 22.25] [PENJUALAN] CASHIER FORM : ATTEMPT TO SAVE SALES DATA [08-11-2016 22:25]
[ADMIN] [08/11/2016 22.25] [PENJUALAN] CASHIER FORM : SALES DISC FINAL [0]
[ADMIN] [08/11/2016 22.25] [PENJUALAN] CASHIER FORM : CASH SALES
[ADMIN] [08/11/2016 22.25] [PENJUALAN] CHECK IF TAX LIMIT SET FOR PERCENTAGE PURCHASE [0]
[ADMIN] [08/11/2016 22.25] [PENJUALAN] CHECK IF TAX LIMIT SET FOR AVERAGE DAILY PURCHASE [0]
[ADMIN] [08/11/2016 22.25] [PENJUALAN] CASHIER FORM : NO FAKTUR [SLO001]
[ADMIN] [08/11/2016 22.25] [PENJUALAN] CASHIER FORM : MAX SALES INVOICE [16]
[ADMIN] [08/11/2016 22.25] [PENJUALAN] CASHIER FORM : SALES INVOICE [SLO001-17]
[ADMIN] [08/11/2016 22.25] [PENJUALAN] INSERT INTO SALES HEADER [SLO001-17]
[ADMIN] [08/11/2016 22.25] [PENJUALAN] INSERT INTO SALES DETAIL[ALPO-P1, 34000, 3]
[ADMIN] [08/11/2016 22.25] [PENJUALAN] REDUCE STOCK AT MASTER PRODUCT [ALPO-P1]
[ADMIN] [08/11/2016 22.25] [PENJUALAN] INSERT TO CREDIT TABLE [SLO001-17]
[ADMIN] [08/11/2016 22.25] [PENJUALAN] INSERT TO DAILY JOURNAL TABLE [102000]
[ADMIN] [08/11/2016 22.25] [PENJUALAN] CASHIER FORM : REGISTER HOTKEY
[ADMIN] [08/11/2016 22.25] [PENJUALAN] TRANSACTION SAVED
[ADMIN] [08/11/2016 22.25] [PENJUALAN] PRINT OUT INVOICE
[ADMIN] [08/11/2016 22.25] [PENJUALAN] CASHIER FORM : PrintReceipt
[ADMIN] [08/11/2016 22.25] [PENJUALAN] CASHIER FORM : PrintReceipt, POS size Paper
[ADMIN] [08/11/2016 22.25] [PENJUALAN] CASHIER FORM : loadInfoToko
[ADMIN] [08/11/2016 22.25] [PENJUALAN] CASHIER FORM : calculatePageLength, totalLengthPage [282]
[ADMIN] [08/11/2016 22.25] [PENJUALAN] CASHIER FORM : UNREGISTER HOTKEY
[ADMIN] [08/11/2016 22.25] [PENJUALAN] CASHIER FORM : printDocument1_PrintPage, print POS size receipt
[ADMIN] [08/11/2016 22.25] [PENJUALAN] CASHIER FORM : loadInfoToko
[ADMIN] [08/11/2016 22.25] [PENJUALAN] CASHIER FORM : loadNamaUser
[ADMIN] [08/11/2016 22.26] [PENJUALAN] CASHIER FORM : REGISTER HOTKEY
[ADMIN] [08/11/2016 22.26] [PENJUALAN] CASHIER FORM : UNREGISTER HOTKEY
[ADMIN] [08/11/2016 22.26] [PENJUALAN] CASHIER FORM : REGISTER HOTKEY
[ADMIN] [08/11/2016 22.26] [PENJUALAN] CASHIER FORM : UPDATE ROW NUMBER, TOTAL ROW [1]
[ADMIN] [08/11/2016 22.26] [PENJUALAN] CASHIER FORM : cashierDataGridView_CellValueChanged [F8]
[ADMIN] [08/11/2016 22.26] [PENJUALAN] CASHIER FORM : UNREGISTER HOTKEY
[ADMIN] [08/11/2016 22.26] [PENJUALAN] CASHIER FORM : UNREGISTER HOTKEY
[ADMIN] [08/11/2016 22.26] [] USER ID = 1LOGOUT
[] [10/11/2016 15:43] [] USER = ADMIN IS ACTIVE
[ADMIN] [10/11/2016 15:43] [] USER ID = 1 LOGIN SUCCESSFULLY
[ADMIN] [10/11/2016 15:43] [] ACTIVATE USER ACCESS RIGHT
[ADMIN] [10/11/2016 15:43] [] DISPLAY ADMIN FORM
[ADMIN] [10/11/2016 15:43] [] adminForm Load
[ADMIN] [10/11/2016 15:43] [] CREATE PRODUCT_PHOTO FOLDER
[ADMIN] [10/11/2016 15:43] [] ACTIVATE USER ACCESS RIGHT
[] [10/11/2016 15:58] [] USER = ADMIN IS ACTIVE
[ADMIN] [10/11/2016 15:58] [] USER ID = 1 LOGIN SUCCESSFULLY
[ADMIN] [10/11/2016 15:58] [] ACTIVATE USER ACCESS RIGHT
[ADMIN] [10/11/2016 15:58] [] DISPLAY ADMIN FORM
[ADMIN] [10/11/2016 15:58] [] adminForm Load
[ADMIN] [10/11/2016 15:58] [] ACTIVATE USER ACCESS RIGHT
[] [10/11/2016 15:59] [] USER = ADMIN IS ACTIVE
[ADMIN] [10/11/2016 15:59] [] USER ID = 1 LOGIN SUCCESSFULLY
[ADMIN] [10/11/2016 15:59] [] ACTIVATE USER ACCESS RIGHT
[ADMIN] [10/11/2016 15:59] [] DISPLAY ADMIN FORM
[ADMIN] [10/11/2016 15:59] [] adminForm Load
[ADMIN] [10/11/2016 15:59] [] ACTIVATE USER ACCESS RIGHT
[] [10/11/2016 16:00] [] USER = ADMIN IS ACTIVE
[ADMIN] [10/11/2016 16:00] [] USER ID = 1 LOGIN SUCCESSFULLY
[ADMIN] [10/11/2016 16:00] [] ACTIVATE USER ACCESS RIGHT
[ADMIN] [10/11/2016 16:00] [] DISPLAY ADMIN FORM
[ADMIN] [10/11/2016 16:00] [] adminForm Load
[ADMIN] [10/11/2016 16:00] [] ACTIVATE USER ACCESS RIGHT
[ADMIN] [10/11/2016 16:00] [] USER ID = 1LOGOUT
